
Start-Date: 2015-02-15  14:07:24
Commandline: apt-get install -y libraspberrypi-bin libraspberrypi0 raspberrypi-bootloader
Install: libraspberrypi0:armhf (1.20150214-1), raspberrypi-bootloader:armhf (1.20150214-1), libraspberrypi-bin:armhf (1.20150214-1)
End-Date: 2015-02-15  14:07:40

Start-Date: 2015-02-15  14:07:44
Commandline: apt-get dist-upgrade -y
Install: gcc-4.8-base:armhf (4.8.2-21~rpi3rpi1, automatic)
Upgrade: libstdc++6:armhf (4.7.2-5+rpi1, 4.8.2-21~rpi3rpi1), libpcre3:armhf (8.30-5, 8.31-2rpi2), libgcc1:armhf (4.7.2-5+rpi1, 4.8.2-21~rpi3rpi1)
End-Date: 2015-02-15  14:07:49

Start-Date: 2015-02-15  14:08:17
Commandline: apt-get install -y raspi-config
Install: dmsetup:armhf (1.02.74-8+rpi1, automatic), raspi-config:armhf (20150131-1), libparted0debian1:armhf (2.3-12, automatic), parted:armhf (2.3-12, automatic), libdevmapper1.02.1:armhf (1.02.74-8+rpi1, automatic), lua5.1:armhf (5.1.5-4+deb7u1, automatic), triggerhappy:armhf (0.3.4-2, automatic)
End-Date: 2015-02-15  14:08:23

Start-Date: 2015-02-16  13:02:55
Commandline: apt-get install -y ssh locales less fbset sudo psmisc strace module-init-tools ifplugd ed ncdu
Install: libkeyutils1:armhf (1.5.5-3+deb7u1, automatic), libedit2:armhf (2.11-20080614-5, automatic), libkrb5-3:armhf (1.10.1+dfsg-5+deb7u3, automatic), ncdu:armhf (1.8-1), libkrb5support0:armhf (1.10.1+dfsg-5+deb7u3, automatic), openssh-blacklist-extra:armhf (0.4.1+nmu1, automatic), libwrap0:armhf (7.6.q-24, automatic), krb5-locales:armhf (1.10.1+dfsg-5+deb7u3, automatic), libx11-data:armhf (1.5.0-1+deb7u1+wheezy, automatic), strace:armhf (4.5.20-2.3), ed:armhf (1.6-2), xauth:armhf (1.0.7-1, automatic), ncurses-term:armhf (5.9-10, automatic), module-init-tools:armhf (9-3), ifplugd:armhf (0.28-19), psmisc:armhf (22.19-1+deb7u1), libxmuu1:armhf (1.1.1-1, automatic), libk5crypto3:armhf (1.10.1+dfsg-5+deb7u3, automatic), tcpd:armhf (7.6.q-24, automatic), openssh-client:armhf (6.0p1-4+deb7u2, automatic), libxcb1:armhf (1.8.1-2+deb7u1, automatic), locales:armhf (2.13-38+rpi2+deb7u7), libxau6:armhf (1.0.7-1, automatic), sudo:armhf (1.8.5p2-1+nmu1), libxdmcp6:armhf (1.1.1-1, automatic), openssh-blacklist:armhf (0.4.1+nmu1, automatic), ssh:armhf (6.0p1-4+deb7u2), libdaemon0:armhf (0.14-2, automatic), libx11-6:armhf (1.5.0-1+deb7u1+wheezy, automatic), libgssapi-krb5-2:armhf (1.10.1+dfsg-5+deb7u3, automatic), openssh-server:armhf (6.0p1-4+deb7u2, automatic), libxext6:armhf (1.3.1-2+deb7u1, automatic), fbset:armhf (2.1-25), less:armhf (444-4)
End-Date: 2015-02-16  13:04:12

Start-Date: 2015-02-16  13:04:16
Commandline: apt-get install -y console-setup keyboard-configuration debconf-utils parted unzip
Install: unzip:armhf (6.0-8+deb7u2), debconf-utils:armhf (1.5.49), xkb-data:armhf (2.5.1-3, automatic), kbd:armhf (1.15.3-9, automatic), keyboard-configuration:armhf (1.88), console-setup:armhf (1.88), console-setup-linux:armhf (1.88, automatic)
End-Date: 2015-02-16  13:04:48

Start-Date: 2015-02-16  13:04:52
Commandline: apt-get install -y build-essential manpages-dev python bash-completion gdb pkg-config
Install: shared-mime-info:armhf (1.0-1, automatic), libalgorithm-diff-perl:armhf (1.19.02-2, automatic), libgmp10:armhf (5.0.5+dfsg-2, automatic), libmpfr4:armhf (3.1.0-5, automatic), fakeroot:armhf (1.18.4-2, automatic), mime-support:armhf (3.52-1+deb7u1, automatic), pkg-config:armhf (0.26-1), libclass-isa-perl:armhf (0.36-3, automatic), bash-completion:armhf (2.0-1), libswitch-perl:armhf (2.16-2, automatic), libfile-fcntllock-perl:armhf (0.14-2, automatic), g++-4.6:armhf (4.6.3-14+rpi1, automatic), perl:armhf (5.14.2-21+rpi2+deb7u2, automatic), libalgorithm-diff-xs-perl:armhf (0.04-2, automatic), manpages-dev:armhf (3.44-1), libgomp1:armhf (4.8.2-21~rpi3rpi1, automatic), g++:armhf (4.6.3-8, automatic), xml-core:armhf (0.13+nmu2, automatic), python2.7:armhf (2.7.3-6+deb7u2, automatic), python-minimal:armhf (2.7.3-4+deb7u1, automatic), libexpat1:armhf (2.1.0-1+deb7u1, automatic), gcc-4.6:armhf (4.6.3-14+rpi1, automatic), libdpkg-perl:armhf (1.16.15+rpi1, automatic), libffi5:armhf (3.0.10-3+b3, automatic), python2.7-minimal:armhf (2.7.3-6+deb7u2, automatic), cpp:armhf (4.6.3-8, automatic), gcc:armhf (4.6.3-8, automatic), gdb:armhf (7.4.1+dfsg-0.1), libalgorithm-merge-perl:armhf (0.08-2, automatic), python:armhf (2.7.3-4+deb7u1), libpython2.7:armhf (2.7.3-6+deb7u2, automatic), libxml2:armhf (2.8.0+dfsg1-7+wheezy3, automatic), file:armhf (5.11-2+deb7u7, automatic), libglib2.0-data:armhf (2.40.0-3rpi3rpi1, automatic), sgml-base:armhf (1.26+nmu4, automatic), libtimedate-perl:armhf (1.2000-1, automatic), dpkg-dev:armhf (1.16.15+rpi1, automatic), perl-modules:armhf (5.14.2-21+rpi2+deb7u2, automatic), gdbserver:armhf (7.4.1+dfsg-0.1, automatic), libglib2.0-0:armhf (2.40.0-3rpi3rpi1, automatic), cpp-4.6:armhf (4.6.3-14+rpi1, automatic), patch:armhf (2.6.1-3, automatic), libstdc++6-4.6-dev:armhf (4.6.3-14+rpi1, automatic), binutils:armhf (2.24.51.20140425-1~rpi1rpi2, automatic), make:armhf (4.0-7rpi2, automatic), libmpc2:armhf (0.9-4, automatic), libmagic1:armhf (5.11-2+deb7u7, automatic), build-essential:armhf (11.5+b1)
End-Date: 2015-02-16  13:06:17

Start-Date: 2015-02-16  13:06:22
Commandline: apt-get install -y python-rpi.gpio v4l-utils
Install: v4l-utils:armhf (1.0.0-1), libv4l-0:armhf (1.0.0-1, automatic), libjpeg8:armhf (8d-1+deb7u1, automatic), libv4l2rds0:armhf (1.0.0-1, automatic), python-rpi.gpio:armhf (0.5.11-1), libv4lconvert0:armhf (1.0.0-1, automatic)
End-Date: 2015-02-16  13:06:25

Start-Date: 2015-02-16  13:06:32
Commandline: apt-get install -y luajit
Install: luajit:armhf (2.0.0~beta11+git20121024-1), libluajit-5.1-common:armhf (2.0.0~beta11+git20121024-1, automatic)
End-Date: 2015-02-16  13:06:37

Start-Date: 2015-02-16  13:06:42
Commandline: apt-get install -y hardlink ca-certificates curl
Install: libsasl2-modules:armhf (2.1.25.dfsg1-6+deb7u1, automatic), hardlink:armhf (0.2.0), libcurl3:armhf (7.26.0-1+wheezy12, automatic), libssh2-1:armhf (1.4.2-1.1, automatic), ca-certificates:armhf (20130119+deb7u1), curl:armhf (7.26.0-1+wheezy12), libldap-2.4-2:armhf (2.4.31-1+nmu2, automatic), libsasl2-2:armhf (2.1.25.dfsg1-6+deb7u1, automatic), openssl:armhf (1.0.1e-2+rvt+deb7u14, automatic), librtmp0:armhf (2.4+20111222.git4e06e21-1, automatic)
End-Date: 2015-02-16  13:07:48

Start-Date: 2015-02-16  13:07:53
Commandline: apt-get install -y fake-hwclock ntp nfs-common usbutils
Install: libnfsidmap2:armhf (0.25-4, automatic), libopts25:armhf (5.12-0.1, automatic), libcap2:armhf (2.22-1.2, automatic), libusb-1.0-0:armhf (1.0.11-1, automatic), libevent-2.0-5:armhf (2.0.19-stable-3+deb7u1, automatic), libtirpc1:armhf (0.2.2-5, automatic), ntp:armhf (4.2.6.p5+dfsg-2+deb7u3), ucf:armhf (3.0025+nmu3, automatic), init-system-helpers:armhf (1.18~bpo70+1, automatic), rpcbind:armhf (0.2.0-8, automatic), usbutils:armhf (005-3), fake-hwclock:armhf (0.8), libgssglue1:armhf (0.4-2, automatic), nfs-common:armhf (1.2.6-4)
End-Date: 2015-02-16  13:08:22

Start-Date: 2015-02-16  13:08:26
Commandline: apt-get install -y --no-install-recommends cifs-utils
Install: libtalloc2:armhf (2.0.7+git20120207-1, automatic), libwbclient0:armhf (3.6.6-6+deb7u4, automatic), cifs-utils:armhf (5.5-1), samba-common:armhf (3.6.6-6+deb7u4, automatic)
End-Date: 2015-02-16  13:08:37

Start-Date: 2015-02-16  13:09:05
Commandline: apt-get install -y libraspberrypi-dev libraspberrypi-doc
Install: libraspberrypi-dev:armhf (1.20150214-1), libraspberrypi-doc:armhf (1.20150214-1)
End-Date: 2015-02-16  13:09:09

Start-Date: 2015-02-16  13:09:13
Commandline: apt-get install -y libfreetype6-dev
Install: libpng12-dev:armhf (1.2.49-1, automatic), libfreetype6-dev:armhf (2.5.2-2rpi1rpi1), libpng12-0:armhf (1.2.49-1, automatic), libfreetype6:armhf (2.5.2-2rpi1rpi1, automatic)
End-Date: 2015-02-16  13:09:26

Start-Date: 2015-02-16  13:09:53
Commandline: apt-get install -y wpasupplicant wireless-tools firmware-atheros firmware-brcm80211 firmware-libertas firmware-ralink firmware-realtek
Install: libnl-3-200:armhf (3.2.7-4, automatic), wireless-tools:armhf (30~pre9-8), firmware-libertas:armhf (0.36+wheezy.1), libpcsclite1:armhf (1.8.4-1+deb7u1, automatic), firmware-realtek:armhf (0.36+wheezy.1), firmware-brcm80211:armhf (0.43-1raspi), libiw30:armhf (30~pre9-8, automatic), wpasupplicant:armhf (1.0-3+deb7u1), firmware-ralink:armhf (0.36+wheezy.1), libnl-genl-3-200:armhf (3.2.7-4, automatic), libreadline5:armhf (5.2+dfsg-2~deb7u1, automatic), firmware-atheros:armhf (0.36+wheezy.1)
End-Date: 2015-02-16  13:10:04

Start-Date: 2015-02-16  13:10:11
Commandline: apt-get install -y dosfstools
Install: dosfstools:armhf (3.0.13-1+rpi1)
End-Date: 2015-02-16  13:10:15

Start-Date: 2015-02-16  13:10:38
Commandline: apt-get -y install dphys-swapfile
Install: dphys-swapfile:armhf (20061020-4raspi.1)
End-Date: 2015-02-16  13:10:43

Start-Date: 2015-02-16  13:11:01
Commandline: apt-get install -y raspi-copies-and-fills
Install: raspi-copies-and-fills:armhf (0.4-1)
End-Date: 2015-02-16  13:11:02

Start-Date: 2015-02-16  13:13:15
Commandline: apt-get install --no-install-recommends -y xserver-xorg-video-fbdev
Install: libpixman-1-0:armhf (0.33.1+git20140627-c37ff5-rpi2rpi1, automatic), xserver-xorg-video-fbdev:armhf (0.4.2-4+b2), xserver-common:armhf (1.12.4-6+deb7u6, automatic), xserver-xorg-core:armhf (1.12.4-6+deb7u6, automatic), libpciaccess0:armhf (0.13.1-2, automatic), libxfont1:armhf (1.4.5-4, automatic), libdrm2:armhf (2.4.40-1~deb7u2, automatic), libxaw7:armhf (1.0.10-2, automatic), libice6:armhf (1.0.8-2, automatic), libxmu6:armhf (1.1.1-1, automatic), libxpm4:armhf (3.5.10-1, automatic), libfontenc1:armhf (1.1.1-1, automatic), x11-common:armhf (7.7+3~deb7u1, automatic), libsm6:armhf (1.2.1-2, automatic), x11-xkb-utils:armhf (7.7~1, automatic), libxt6:armhf (1.1.3-1+deb7u1, automatic), libaudit0:armhf (1.7.18-1.1, automatic), libxkbfile1:armhf (1.0.8-1, automatic)
End-Date: 2015-02-16  13:13:30

Start-Date: 2015-02-16  13:13:34
Commandline: apt-get install --no-install-recommends -y xserver-xorg xinit
Install: xserver-xorg:armhf (7.7+3~deb7u1), xserver-xorg-input-evdev:armhf (2.7.0-1+b2, automatic), libmtdev1:armhf (1.1.2-1, automatic), xserver-xorg-input-all:armhf (7.7+3~deb7u1, automatic), xinit:armhf (1.3.2-1), libxtst6:armhf (1.2.1-1+deb7u1, automatic), libxi6:armhf (1.6.1-1+deb7u1, automatic), xserver-xorg-input-synaptics:armhf (1.6.2-2, automatic)
End-Date: 2015-02-16  13:13:44

Start-Date: 2015-02-16  13:13:49
Commandline: apt-get install -y gstreamer1.0-x gstreamer1.0-omx gstreamer1.0-plugins-base gstreamer1.0-plugins-good gstreamer1.0-plugins-bad gstreamer1.0-alsa gstreamer1.0-libav
Install: libopenal1:armhf (1.14-4, automatic), libglapi-mesa:armhf (8.0.5-4+deb7u2+rpi1, automatic), libpci3:armhf (3.1.9-6, automatic), libgtk2.0-common:armhf (2.24.10-2, automatic), libatk1.0-0:armhf (2.8.0-2rpi2, automatic), ttf-dejavu-core:armhf (2.33-3, automatic), libswscale2:armhf (9.14-1rpi1rpi1, automatic), libopencv-highgui2.4:armhf (2.4.1+dfsg-0exp2rpi2, automatic), libmodplug1:armhf (0.8.8.4-3+deb7u1+git20130828, automatic), libopencv-features2d2.4:armhf (2.4.1+dfsg-0exp2rpi2, automatic), libxfixes3:armhf (5.0-4+deb7u1, automatic), libpangoxft-1.0-0:armhf (1.32.5-5rpi3, automatic), libwildmidi1:armhf (0.2.3.4-2.1, automatic), liborc-0.4-0:armhf (0.4.18-1rpi1rpi2, automatic), libzbar0:armhf (0.10+doc-8, automatic), libavutil51:armhf (0.8.16-1+rpi1, automatic), libavutil52:armhf (9.14-1rpi1rpi1, automatic), libflite1:armhf (1.4-release-6, automatic), libdc1394-22:armhf (2.2.0-2, automatic), libcaca0:armhf (0.99.beta18-1, automatic), gstreamer1.0-plugins-base:armhf (1.2.0-1co1rpi3), libiec61883-0:armhf (1.2.0-0.1, automatic), libxvidcore4:armhf (1.3.2-9, automatic), libx264-123:armhf (0.123.2189+git35cf912-1+rpi1, automatic), libilmbase6:armhf (1.0.1-4, automatic), libx264-130:armhf (0.130.2282+git1db4621-2rpi1rpi2, automatic), libsrtp0:armhf (1.4.4+20100615~dfsg-2+deb7u1, automatic), libopencv-photo2.4:armhf (2.4.1+dfsg-0exp2rpi2, automatic), iso-codes:armhf (3.41-1, automatic), libsbc1:armhf (1.1-1rpi2, automatic), libavahi-common-data:armhf (0.6.31-2, automatic), glib-networking-services:armhf (2.36.1-2+rpi1rpi3, automatic), glib-networking:armhf (2.36.1-2+rpi1rpi3, automatic), libopencv-legacy2.4:armhf (2.4.1+dfsg-0exp2rpi2, automatic), libxxf86vm1:armhf (1.1.2-1+deb7u1, automatic), libproxy0:armhf (0.3.1-6, automatic), libopencv-imgproc2.4:armhf (2.4.1+dfsg-0exp2rpi2, automatic), libwildmidi-config:armhf (0.2.3.4-2.1, automatic), libpangoft2-1.0-0:armhf (1.32.5-5rpi3, automatic), libglu1-mesa:armhf (8.0.5-4+deb7u2+rpi1, automatic), libgstreamer-plugins-base1.0-0:armhf (1.2.0-1co1rpi3, automatic), libxcb-glx0:armhf (1.8.1-2+deb7u1, automatic), libjack-jackd2-0:armhf (1.9.8~dfsg.4+20120529git007cdc37-5+rpi2, automatic), libopencv-ts2.4:armhf (2.4.1+dfsg-0exp2rpi2, automatic), libgstreamer1.0-0:armhf (1.2.0-1rpi3, automatic), libdca0:armhf (0.0.5-5, automatic), libopenjpeg2:armhf (1.3+dfsg-4.8, automatic), libspeex1:armhf (1.2~rc1-7, automatic), libfftw3-3:armhf (3.3.2-3.1, automatic), libopencv-calib3d2.4:armhf (2.4.1+dfsg-0exp2rpi2, automatic), libcairo2:armhf (1.12.16-rpi1rpi2, automatic), libfontconfig1:armhf (2.9.0-7.1, automatic), libx11-xcb1:armhf (1.5.0-1+deb7u1+wheezy, automatic), fontconfig-config:armhf (2.9.0-7.1, automatic), libass4:armhf (0.10.0-3, automatic), libvo-aacenc0:armhf (0.1.2-1, automatic), libraw1394-11:armhf (2.0.9-1, automatic), libvorbisenc2:armhf (1.3.2-1.3, automatic), libjbig0:armhf (2.0-2+deb7u1), libgdk-pixbuf2.0-common:armhf (2.28.2-1rpi4rpi1, automatic), libcurl3-gnutls:armhf (7.26.0-1+wheezy12, automatic), libxcb-render0:armhf (1.8.1-2+deb7u1, automatic), libsoup2.4-1:armhf (2.42.2-6rpi2, automatic), libopencv-video2.4:armhf (2.4.1+dfsg-0exp2rpi2, automatic), libavformat54:armhf (9.14-1rpi1rpi1, automatic), libwavpack1:armhf (4.60.1-3, automatic), hicolor-icon-theme:armhf (0.12-1, automatic), libfribidi0:armhf (0.19.2-3, automatic), gsettings-desktop-schemas:armhf (3.4.2-3, automatic), libpangocairo-1.0-0:armhf (1.32.5-5rpi3, automatic), glib-networking-common:armhf (2.36.1-2+rpi1rpi3, automatic), libopencv-objdetect2.4:armhf (2.4.1+dfsg-0exp2rpi2, automatic), libdatrie1:armhf (0.2.5-3, automatic), fontconfig:armhf (2.9.0-7.1, automatic), libschroedinger-1.0-0:armhf (1.0.11-2, automatic), libjson0:armhf (0.10-1.2, automatic), gstreamer1.0-plugins-bad:armhf (1.2.1-0+rpi1rpi3), libopencv-stitching2.4:armhf (2.4.1+dfsg-0exp2rpi2, automatic), libmp3lame0:armhf (3.99.5+repack1-3, automatic), libenca0:armhf (1.13-4, automatic), libpango1.0-0:armhf (1.32.5-5rpi3, automatic), libvo-amrwbenc0:armhf (0.1.2-1, automatic), libcups2:armhf (1.5.3-5+deb7u4, automatic), libopencv-flann2.4:armhf (2.4.1+dfsg-0exp2rpi2, automatic), libtag1-vanilla:armhf (1.7.2-1, automatic), libpango-1.0-0:armhf (1.32.5-5rpi3, automatic), libavc1394-0:armhf (0.5.4-2, automatic), libsoundtouch0:armhf (1.6.0-3, automatic), gstreamer1.0-omx:armhf (1.0.0.1-0+rpi12rpi1), libchromaprint0:armhf (0.6-2, automatic), libgtk2.0-bin:armhf (2.24.10-2, automatic), libmozjs10d:armhf (10.0.12esr-1+rpi2, automatic), libxft2:armhf (2.3.1-1, automatic), pciutils:armhf (3.1.9-6, automatic), libpangox-1.0-0:armhf (0.0.2-4rpi2, automatic), libdrm-nouveau1a:armhf (2.4.40-1~deb7u2, automatic), libvpx1:armhf (1.1.0-1+rpi1, automatic), gstreamer1.0-libav:armhf (1.2.0-1co2rpi1rpi3), alsa-utils:armhf (1.0.25-4, automatic), libxcomposite1:armhf (0.4.3-2, automatic), gstreamer1.0-plugins-good:armhf (1.2.0-1co6rpi3), libopenexr6:armhf (1.6.1-6, automatic), dconf-service:armhf (0.12.1-3, automatic), libgme0:armhf (0.5.5-2, automatic), libspandsp2:armhf (0.0.6~pre20-3.1, automatic), libtheora0:armhf (1.1.1+dfsg.1-3.1, automatic), freepats:armhf (20060219-1, automatic), libaa1:armhf (1.4p5-40, automatic), libopencv-core2.4:armhf (2.4.1+dfsg-0exp2rpi2, automatic), libthai0:armhf (0.1.18-2, automatic), libgudev-1.0-0:armhf (175-7.2, automatic), libsamplerate0:armhf (0.1.8-5, automatic), libgpm2:armhf (1.20.4-6, automatic), libcdparanoia0:armhf (3.10.2+debian-10.1, automatic), libasound2:armhf (1.0.25-4, automatic), libatk1.0-data:armhf (2.8.0-2rpi2, automatic), libflac8:armhf (1.2.1-6+deb7u1, automatic), libxrender1:armhf (0.9.7-1+deb7u1, automatic), libnspr4:armhf (4.9.2-1+deb7u2, automatic), libshout3:armhf (2.2.2-8, automatic), libgsm1:armhf (1.0.13-4, automatic), libdv4:armhf (1.0.0-6, automatic), libdvdnav4:armhf (4.2.0+20120524-2, automatic), libfluidsynth1:armhf (1.1.5-2, automatic), libdvdread4:armhf (4.2.0+20120521-2, automatic), libasyncns0:armhf (0.8-4, automatic), libdconf0:armhf (0.12.1-3, automatic), libdrm-radeon1:armhf (2.4.40-1~deb7u2, automatic), libtiff4:armhf (3.9.6-11, automatic), libkate1:armhf (0.4.1-1, automatic), libmimic0:armhf (1.0.4-2.1, automatic), libjasper1:armhf (1.900.1-13+deb7u3, automatic), libgstreamer-plugins-bad1.0-0:armhf (1.2.1-0+rpi1rpi3, automatic), libthai-data:armhf (0.1.18-2, automatic), libopencv-ml2.4:armhf (2.4.1+dfsg-0exp2rpi2, automatic), libgdk-pixbuf2.0-0:armhf (2.28.2-1rpi4rpi1, automatic), libgl1-mesa-dri:armhf (8.0.5-4+deb7u2+rpi1, automatic), libavahi-client3:armhf (0.6.31-2, automatic), alsa-base:armhf (1.0.25+3~deb7u1, automatic), libavcodec53:armhf (0.8.16-1+rpi1, automatic), libavcodec54:armhf (9.14-1rpi1rpi1, automatic), libtag1c2a:armhf (1.7.2-1, automatic), libcairo-gobject2:armhf (1.12.16-rpi1rpi2, automatic), libgl1-mesa-glx:armhf (8.0.5-4+deb7u2+rpi1, automatic), libmpg123-0:armhf (1.14.4-1, automatic), libharfbuzz0a:armhf (0.9.19-1co2rpi2, automatic), gstreamer1.0-alsa:armhf (1.2.0-1co1rpi3), dconf-gsettings-backend:armhf (0.12.1-3, automatic), libpulse0:armhf (2.0-6.1, automatic), libva1:armhf (1.0.15-4, automatic), libopencv-contrib2.4:armhf (2.4.1+dfsg-0exp2rpi2, automatic), libopenal-data:armhf (1.14-4, automatic), libxdamage1:armhf (1.1.3-2, automatic), libopus0:armhf (1.1~beta-3rpi2, automatic), libopencore-amrnb0:armhf (0.1.3-2, automatic), libgraphite2-2.0.0:armhf (1.1.3-1, automatic), libvisual-0.4-0:armhf (0.4.0-5, automatic), libvorbis0a:armhf (1.3.2-1.3, automatic), libdirac-encoder0:armhf (1.0.2-6, automatic), libxcursor1:armhf (1.1.13-1+deb7u1, automatic), libxcb-shm0:armhf (1.8.1-2+deb7u1, automatic), libavahi-common3:armhf (0.6.31-2, automatic), libxinerama1:armhf (1.1.2-1+deb7u1, automatic), libxv1:armhf (1.0.7-1+deb7u1, automatic), libxrandr2:armhf (1.3.2-2+deb7u1, automatic), libsndfile1:armhf (1.0.25-5, automatic), libopencore-amrwb0:armhf (0.1.3-2, automatic), libgtk2.0-0:armhf (2.24.10-2, automatic), gstreamer1.0-x:armhf (1.2.0-1co1rpi3), libofa0:armhf (0.9.3-5, automatic), libmms0:armhf (0.6.2-3+deb7u1, automatic), libvisual-0.4-plugins:armhf (0.4.0.dfsg.1-7, automatic), libopencv-videostab2.4:armhf (2.4.1+dfsg-0exp2rpi2, automatic), libogg0:armhf (1.3.0-4, automatic), libfaad2:armhf (2.7-8, automatic)
End-Date: 2015-02-16  13:15:38

Start-Date: 2015-02-16  13:15:43
Commandline: apt-get install --no-install-recommends -y epiphany-browser cgroup-bin
Install: aspell-en:armhf (7.1-0-1, automatic), cgroup-bin:armhf (0.38-1+rpi1rpi2), libenchant1c2a:armhf (1.6.0-7, automatic), epiphany-browser:armhf (3.8.2.0-0rpi18rpi1), aspell:armhf (0.60.7~20110707-1, automatic), libnss3:armhf (3.14.5-1+deb7u3, automatic), libatk-bridge2.0-0:armhf (2.5.3-2, automatic), libicu48:armhf (4.8.1.1-12+deb7u1, automatic), gnome-desktop3-data:armhf (3.4.2-1, automatic), gnome-themes-standard:armhf (3.9.91+557c2ba-rpi5rpi1, automatic), libdbus-glib-1-2:armhf (0.100.2-1, automatic), epiphany-browser-data:armhf (3.8.2.0-0rpi18rpi1, automatic), liblcms2-2:armhf (2.2+git20110628-2.2+deb7u1, automatic), libxslt1.1:armhf (1.1.26-14.1, automatic), libcgroup1:armhf (0.38-1+rpi1rpi2, automatic), libnotify4:armhf (0.7.5-1, automatic), libxcb-util0:armhf (0.3.8-2, automatic), libwebp2:armhf (0.1.3-3+nmu1, automatic), libgeoclue0:armhf (0.12.0-4, automatic), libcolord1:armhf (0.1.21-1, automatic), gnome-themes-standard-data:armhf (3.9.91+557c2ba-rpi5rpi1, automatic), libgnome-desktop-3-2:armhf (3.4.2-1, automatic), libgtk-3-common:armhf (3.10.2-1+rpi9rpi1, automatic), libxres1:armhf (1.0.6-1+deb7u1, automatic), libwebkitgtk-3.0-0:armhf (2.4.1-1rpi35rpi1, automatic), libjavascriptcoregtk-3.0-0:armhf (2.4.1-1rpi35rpi1, automatic), dbus:armhf (1.6.8-1+deb7u6, automatic), libsecret-1-0:armhf (0.15-2rpi2, automatic), libstartup-notification0:armhf (0.12-1, automatic), libhunspell-1.3-0:armhf (1.3.2-4, automatic), libwebkitgtk-3.0-common:armhf (2.4.1-1rpi35rpi1, automatic), libavahi-gobject0:armhf (0.6.31-2, automatic), libgtk-3-0:armhf (3.10.2-1+rpi9rpi1, automatic), dictionaries-common:armhf (1.12.11, automatic), libcroco3:armhf (0.6.6-2, automatic), libwnck-3-0:armhf (3.4.2-1, automatic), libsystemd-login0:armhf (44-11+deb7u4, automatic), libharfbuzz-icu0:armhf (0.9.19-1co2rpi2, automatic), gnome-icon-theme:armhf (3.4.0-2, automatic), libwnck-3-common:armhf (3.4.2-1, automatic), libatspi2.0-0:armhf (2.5.3-2, automatic), librsvg2-2:armhf (2.36.1-2, automatic), gnome-icon-theme-symbolic:armhf (3.4.0-2, automatic), libavahi-glib1:armhf (0.6.31-2, automatic), libgtk-3-bin:armhf (3.10.2-1+rpi9rpi1, automatic), dbus-x11:armhf (1.6.8-1+deb7u6, automatic), libsecret-common:armhf (0.15-2rpi2, automatic), librsvg2-common:armhf (2.36.1-2, automatic), libaspell15:armhf (0.60.7~20110707-1, automatic)
End-Date: 2015-02-16  13:17:22

Start-Date: 2015-02-16  13:17:27
Commandline: apt-get install --no-install-recommends -y lxde lxtask menu-xdg gksu
Install: menu-xdg:armhf (0.5), libobrender27:armhf (3.5.0-7+rpi1, automatic), lxsession:armhf (0.4.6.1-4, automatic), libgtop2-common:armhf (2.28.4-3, automatic), lxterminal:armhf (0.1.11-4), lxde:armhf (4+nmu1), libgnome-keyring0:armhf (3.4.1-1, automatic), libfm-data:armhf (1.2.3-1, automatic), lxtask:armhf (0.1.4-3+rpi1), galculator:armhf (1.3.4-1), obconf:armhf (2.0.3+20110805+debian-1), lxde-icon-theme:armhf (0.5.0-1), gconf2:armhf (3.2.5-1+build1, automatic), libwnck-common:armhf (2.30.7-1, automatic), leafpad:armhf (0.8.18.1-3), lxde-common:armhf (0.5.5-6), lxrandr:armhf (0.1.2-3), libgconf-2-4:armhf (3.2.5-1+build1, automatic), pcmanfm:armhf (1.2.3-1+raspi), lxsession-edit:armhf (0.2.0-3), libwnck22:armhf (2.30.7-1, automatic), lxde-core:armhf (4+nmu1), libfm-gtk-data:armhf (1.2.3-1, automatic), gconf-service:armhf (3.2.5-1+build1, automatic), libgif4:armhf (4.1.6-10, automatic), libfm-gtk4:armhf (1.2.3-1, automatic), lxinput:armhf (0.3.2-1), libvte9:armhf (0.28.2-5, automatic), openbox:armhf (3.5.0-7+rpi1), lxappearance:armhf (0.5.2-1+b1), libglade2-0:armhf (2.6.4-1, automatic), lxmenu-data:armhf (0.1.2-2, automatic), libfm4:armhf (1.2.3-1, automatic), gconf2-common:armhf (3.2.5-1+build1, automatic), libgtop2-7:armhf (2.28.4-3, automatic), gpicview:armhf (0.2.3-2), gksu:armhf (2.0.2-6), libgnome-keyring-common:armhf (3.4.1-1, automatic), lxshortcut:armhf (0.1.2-3), libgksu2-0:armhf (2.0.13~pre1-6, automatic), lxpanel:armhf (0.7.1-2+raspi), libid3tag0:armhf (0.15.1b-10, automatic), libfm-extra4:armhf (1.2.3-1, automatic), libfm-modules:armhf (1.2.3-1, automatic), libexif12:armhf (0.6.20-3, automatic), libimlib2:armhf (1.4.5-1, automatic), desktop-file-utils:armhf (0.20-0.1), libvte-common:armhf (0.28.2-5, automatic), libmenu-cache1:armhf (0.3.3-1, automatic), xarchiver:armhf (0.5.2+20090319+dfsg-4.1), libobt0:armhf (3.5.0-7+rpi1, automatic), lxpanel-data:armhf (0.7.1-2+raspi, automatic)
End-Date: 2015-02-16  13:18:19

Start-Date: 2015-02-16  13:18:24
Commandline: apt-get install -y xserver-xorg-video-fbturbo
Install: xserver-xorg-video-fbturbo:armhf (1.20131208-1)
End-Date: 2015-02-16  13:18:29

Start-Date: 2015-02-16  13:18:34
Commandline: apt-get install -y xpdf gtk2-engines alsa-utils
Install: libgs9-common:armhf (9.05~dfsg-6.3+deb7u1, automatic), liblcms1:armhf (1.19.dfsg-1.2, automatic), smbclient:armhf (3.6.6-6+deb7u4, automatic), libtdb1:armhf (1.2.10-2, automatic), cups-client:armhf (1.5.3-5+deb7u4, automatic), libfile-copy-recursive-perl:armhf (0.38-1, automatic), libpoppler19:armhf (0.18.4-6, automatic), libpaper-utils:armhf (1.1.24+nmu2, automatic), cups-common:armhf (1.5.3-5+deb7u4, automatic), gtk2-engines:armhf (2.20.2-2), libijs-0.35:armhf (0.35-8, automatic), libjbig2dec0:armhf (0.11+20120125-1, automatic), update-inetd:armhf (4.43, automatic), lesstif2:armhf (0.95.2-1.1, automatic), libgs9:armhf (9.05~dfsg-6.3+deb7u1, automatic), cups-bsd:armhf (1.5.3-5+deb7u4, automatic), xfonts-utils:armhf (7.7~1, automatic), libcupsimage2:armhf (1.5.3-5+deb7u4, automatic), poppler-data:armhf (0.4.5-10, automatic), xpdf:armhf (3.03-10), ghostscript:armhf (9.05~dfsg-6.3+deb7u1, automatic), poppler-utils:armhf (0.18.4-6, automatic), fonts-droid:armhf (20111207+git-1, automatic), libxp6:armhf (1.0.1-2+deb7u1, automatic), xfonts-encodings:armhf (1.0.4-1, automatic), gsfonts:armhf (8.11+urwcyr1.0.7~pre44-4.2, automatic), libpaper1:armhf (1.1.24+nmu2, automatic), gsfonts-x11:armhf (0.22, automatic)
End-Date: 2015-02-16  13:19:28

Start-Date: 2015-02-16  13:19:33
Commandline: apt-get install -y --no-install-recommends netsurf-gtk zenity xdg-utils
Install: netsurf-gtk:armhf (2.9-2), zenity:armhf (3.12.1-1rpi1), xdg-utils:armhf (1.1.0~rc1+git20111210-6+deb7u2), zenity-common:armhf (3.12.1-1rpi1, automatic), netsurf-common:armhf (2.9-2, automatic)
End-Date: 2015-02-16  13:19:44

Start-Date: 2015-02-16  13:19:49
Commandline: apt-get install -y desktop-base lxpolkit
Install: desktop-base:armhf (7.0.3), libpolkit-gobject-1-0:armhf (0.105-3, automatic), lxpolkit:armhf (0.1.0-4), libpolkit-agent-1-0:armhf (0.105-3, automatic)
End-Date: 2015-02-16  13:19:56

Start-Date: 2015-02-16  13:20:01
Commandline: apt-get install -y --no-install-recommends gvfs-backends gvfs-fuse
Install: libplist1:armhf (1.8-1, automatic), libcdio13:armhf (0.83-4+b1, automatic), libatasmart4:armhf (0.19-1, automatic), libgphoto2-port0:armhf (2.4.14-2, automatic), libnettle4:armhf (2.4-3, automatic), gvfs-fuse:armhf (1.12.3-4), usbmuxd:armhf (1.0.7-2, automatic), x11-utils:armhf (7.7~1, automatic), libbluray1:armhf (0.2.2-1, automatic), udisks:armhf (1.0.4-7wheezy1, automatic), gvfs-libs:armhf (1.12.3-4, automatic), gvfs-common:armhf (1.12.3-4, automatic), gvfs-daemons:armhf (1.12.3-4, automatic), libgphoto2-2:armhf (2.4.14-2, automatic), liblvm2app2.2:armhf (2.02.95-8+rpi1, automatic), libsmbclient:armhf (3.6.6-6+deb7u4, automatic), libfuse2:armhf (2.9.0-2+deb7u1, automatic), libxxf86dga1:armhf (1.1.3-2+deb7u1, automatic), libcdio-cdda1:armhf (0.83-4+b1, automatic), libgdu0:armhf (3.0.2-3, automatic), libxcb-shape0:armhf (1.8.1-2+deb7u1, automatic), libimobiledevice2:armhf (1.1.1-4, automatic), libbluetooth3:armhf (4.99-2, automatic), libdevmapper-event1.02.1:armhf (1.02.74-8+rpi1, automatic), libsoup-gnome2.4-1:armhf (2.42.2-6rpi2, automatic), libgd2-xpm:armhf (2.0.36~rc1~dfsg-6.1, automatic), libusbmuxd1:armhf (1.0.7-2, automatic), libcdio-paranoia1:armhf (0.83-4+b1, automatic), libarchive12:armhf (3.0.4-3+nmu1, automatic), fuse:armhf (2.9.0-2+deb7u1, automatic), libsgutils2-2:armhf (1.33-1, automatic), gvfs:armhf (1.12.3-4, automatic), gvfs-backends:armhf (1.12.3-4), libltdl7:armhf (2.4.2-1.1, automatic)
End-Date: 2015-02-16  13:20:27

Start-Date: 2015-02-16  13:20:32
Commandline: apt-get install -y wpagui
Install: menu:armhf (2.1.46, automatic), wpagui:armhf (1.0-3+deb7u1), libqtcore4:armhf (4.8.2+dfsg-11+rpi1, automatic), libqt4-svg:armhf (4.8.2+dfsg-11+rpi1, automatic), libqtgui4:armhf (4.8.2+dfsg-11+rpi1, automatic), libaudio2:armhf (1.9.3-5wheezy1, automatic), libmng1:armhf (1.0.10-3, automatic)
End-Date: 2015-02-16  13:20:49

Start-Date: 2015-02-16  13:20:54
Commandline: apt-get install -y git-core rpi-update
Install: git-man:armhf (1.7.10.4-1+wheezy1+rpi2, automatic), liberror-perl:armhf (0.17-1, automatic), git:armhf (1.7.10.4-1+wheezy1+rpi2, automatic), rsync:armhf (3.0.9-4, automatic), rpi-update:armhf (20140705), git-core:armhf (1.7.10.4-1+wheezy1+rpi2)
End-Date: 2015-02-16  13:21:14

Start-Date: 2015-02-16  13:21:46
Commandline: apt-get install -y omxplayer
Install: fonts-freefont-ttf:armhf (20120503-1, automatic), omxplayer:armhf (0.3.6~git20150210~337004e), libssh-4:armhf (0.5.4-1+deb7u1, automatic)
End-Date: 2015-02-16  13:22:00

Start-Date: 2015-02-16  13:22:07
Commandline: apt-get install -y raspberrypi-artwork
Install: raspberrypi-artwork:armhf (20141115)
End-Date: 2015-02-16  13:22:08

Start-Date: 2015-02-16  13:22:14
Commandline: apt-get install --no-install-recommends -y lightdm gnome-themes-standard-data gnome-icon-theme
Install: lightdm-gtk-greeter:armhf (1.1.6-2, automatic), lightdm:armhf (1.2.2-4), libck-connector0:armhf (0.4.5-3.1, automatic), liblightdm-gobject-1-0:armhf (1.2.2-4, automatic), libxklavier16:armhf (5.2.1-1, automatic), consolekit:armhf (0.4.5-3.1, automatic)
End-Date: 2015-02-16  13:22:28

Start-Date: 2015-02-16  13:22:33
Commandline: apt-get install -y policykit-1
Install: policykit-1:armhf (0.105-3), libpolkit-backend-1-0:armhf (0.105-3, automatic)
End-Date: 2015-02-16  13:22:40

Start-Date: 2015-02-16  13:23:16
Commandline: apt-get install -y --force-yes weston
Install: weston:armhf (1.1.0-0rpi2013060501), libxcb-xfixes0:armhf (1.8.1-2+deb7u1, automatic), libxkbcommon0:armhf (0.3.0-0rpi1, automatic), libwayland0:armhf (1.1.0-0rpi1, automatic)
End-Date: 2015-02-16  13:23:23

Start-Date: 2015-02-16  13:25:01
Commandline: apt-get install -y python idle python3-pygame python-pygame python-tk
Install: libsdl1.2debian:armhf (1.2.15-5, automatic), libts-0.0-0:armhf (1.0-11, automatic), python-support:armhf (1.0.15, automatic), libvorbisfile3:armhf (1.3.2-1.3, automatic), libgfortran3:armhf (4.8.2-21~rpi3rpi1, automatic), python-pygame:armhf (1.9.1release+dfsg-8), python3.2:armhf (3.2.3-7, automatic), python3-pygame:armhf (1.9.2~pre~r3348-2), libdirectfb-1.2-9:armhf (1.2.10.0-5, automatic), python-numpy:armhf (1.6.2-1.2, automatic), blt:armhf (2.4z-4.2, automatic), python-tk:armhf (2.7.3-1), libblas3:armhf (1.2.20110419-5, automatic), libsdl-ttf2.0-0:armhf (2.0.11-2, automatic), libmikmod2:armhf (3.1.12-5, automatic), idle-python2.7:armhf (2.7.3-6+deb7u2, automatic), libportmidi0:armhf (184-2.1, automatic), libxss1:armhf (1.2.2-1, automatic), tcl8.5:armhf (8.5.11-2, automatic), python3:armhf (3.2.3-6, automatic), libsdl-mixer1.2:armhf (1.2.12-3, automatic), python3-minimal:armhf (3.2.3-6, automatic), python3-numpy:armhf (1.6.2-1.2, automatic), idle:armhf (2.7.3-4+deb7u1), tk8.5:armhf (8.5.11-2, automatic), tsconf:armhf (1.0-11, automatic), python3.2-minimal:armhf (3.2.3-7, automatic), libmad0:armhf (0.15.1b-7, automatic), liblapack3:armhf (3.4.1+dfsg-1+deb70u1, automatic), libsdl-image1.2:armhf (1.2.12-2, automatic), libsmpeg0:armhf (0.4.5+cvs20030824-5, automatic)
End-Date: 2015-02-16  13:26:34

Start-Date: 2015-02-16  13:26:39
Commandline: apt-get install -y python3 idle3 python3-tk
Install: python3-tk:armhf (3.2.3-1), idle-python3.2:armhf (3.2.3-7, automatic), idle3:armhf (3.2.3-6)
End-Date: 2015-02-16  13:26:50

Start-Date: 2015-02-16  13:26:55
Commandline: apt-get install -y python3-rpi.gpio
Install: python3-rpi.gpio:armhf (0.5.11-1)
End-Date: 2015-02-16  13:26:58

Start-Date: 2015-02-16  13:27:03
Commandline: apt-get install -y python-serial python3-serial
Install: python-serial:armhf (2.5-2.1), python3-serial:armhf (2.5-2.1)
End-Date: 2015-02-16  13:27:09

Start-Date: 2015-02-16  13:27:13
Commandline: apt-get install -y python-picamera python3-picamera
Install: python3-picamera:armhf (1.9-1), python-picamera:armhf (1.9-1)
End-Date: 2015-02-16  13:27:19

Start-Date: 2015-02-16  13:27:24
Commandline: apt-get install -y debian-reference-en dillo x2x
Install: debian-reference-en:armhf (2.50), libfltk1.3:armhf (1.3.0-8, automatic), x2x:armhf (1.27.svn.20060501-4), debian-reference-common:armhf (2.50, automatic), dillo:armhf (3.0.2-2)
End-Date: 2015-02-16  13:27:36

Start-Date: 2015-02-16  13:27:40
Commandline: apt-get install -y scratch nuscratch
Install: squeak-vm:armhf (4.10.2.2793-2, automatic), libasprintf0c2:armhf (0.18.1.1-9, automatic), scratch:armhf (1.4.20131203-2), squeak-plugins-scratch:armhf (1.4.0.2~svn.r83-1, automatic), nuscratch:armhf (20150114-1), gettext-base:armhf (0.18.1.1-9, automatic)
End-Date: 2015-02-16  13:28:17

Start-Date: 2015-02-16  13:28:22
Commandline: apt-get install -y raspberrypi-ui-mods
Install: fonts-roboto:armhf (4.3-3~bpo70+1, automatic), x11-xserver-utils:armhf (7.7~3, automatic), raspberrypi-ui-mods:armhf (1.0-7)
End-Date: 2015-02-16  13:28:35

Start-Date: 2015-02-16  13:28:40
Commandline: apt-get install -y --no-install-recommends timidity
Install: esound-common:armhf (0.2.41-10, automatic), libesd0:armhf (0.2.41-10, automatic), libaudiofile1:armhf (0.3.4-2, automatic), timidity:armhf (2.13.2-40.1)
End-Date: 2015-02-16  13:28:51

Start-Date: 2015-02-16  13:28:55
Commandline: apt-get install -y smartsim penguinspuzzle
Install: smartsim:armhf (1.2.1-4), penguinspuzzle:armhf (20120902-1)
End-Date: 2015-02-16  13:29:02

Start-Date: 2015-02-16  13:29:07
Commandline: apt-get install -y pistore
Install: libgstreamer0.10-0:armhf (0.10.36-1.2, automatic), libqtdbus4:armhf (4.8.2+dfsg-11+rpi1, automatic), libqtwebkit4:armhf (2.2.1-5, automatic), pistore:armhf (1.1.16693), libqt4-xml:armhf (4.8.2+dfsg-11+rpi1, automatic), libqt4-network:armhf (4.8.2+dfsg-11+rpi1, automatic), libgstreamer-plugins-base0.10-0:armhf (0.10.36-1.1, automatic)
End-Date: 2015-02-16  13:29:19

Start-Date: 2015-02-16  13:29:24
Commandline: apt-get install -y sonic-pi
Install: qjackctl:armhf (0.3.9-2, automatic), qdbus:armhf (4.8.2+dfsg-11+rpi1, automatic), libruby1.9.1:armhf (1.9.3.194-8.1+deb7u2, automatic), libqt4-dbus:armhf (4.8.2+dfsg-11+rpi1, automatic), python-dbus-dev:armhf (1.1.1-1, automatic), libscsynth1:armhf (3.4.5-1wheezy1, automatic), libqscintilla2-8:armhf (2.6.2-2, automatic), supercollider-common:armhf (3.4.5-1wheezy1, automatic), jackd2:armhf (1.9.8~dfsg.4+20120529git007cdc37-5+rpi2, automatic), libyaml-0-2:armhf (0.1.4-2+deb7u5, automatic), python-gi:armhf (3.8.2-1+rpi1rpi2, automatic), gir1.2-glib-2.0:armhf (1.36.0-2rpi2, automatic), python-dbus:armhf (1.1.1-1, automatic), libgirepository-1.0-1:armhf (1.36.0-2rpi2, automatic), supercollider-server:armhf (3.4.5-1wheezy1, automatic), libcwiid1:armhf (0.6.00+svn201-3, automatic), jackd:armhf (5, automatic), supercollider:armhf (3.4.5-1wheezy1, automatic), libsclang1:armhf (3.4.5-1wheezy1, automatic), ruby1.9.1:armhf (1.9.3.194-8.1+deb7u2, automatic), sonic-pi:armhf (2.4.0-1)
End-Date: 2015-02-16  13:30:04

Start-Date: 2015-02-16  13:30:12
Commandline: apt-get install -y pypy-upstream
Install: pypy-upstream-dev:armhf (2.2.1-5, automatic), pypy-upstream-doc:armhf (2.2.1-5, automatic), pypy-upstream:armhf (2.2.1-5), pypy-setuptools:armhf (1.1.6-1, automatic)
End-Date: 2015-02-16  13:30:38

Start-Date: 2015-02-16  13:30:44
Commandline: apt-get install -y python3-pifacecommon python3-pifacedigitalio python3-pifacedigital-scratch-handler python-pifacecommon python-pifacedigitalio
Install: python-pifacecommon:armhf (4.1.2-1), python3-pifacedigitalio:armhf (3.0.4-1), python3-pifacedigital-scratch-handler:armhf (2.0.5-1), python-pifacedigitalio:armhf (3.0.4-1), python3-pifacecommon:armhf (4.1.2-1)
End-Date: 2015-02-16  13:30:51

Start-Date: 2015-02-16  13:30:55
Commandline: apt-get install -y java-common oracle-java8-jdk
Install: java-common:armhf (0.47), oracle-java8-jdk:armhf (8)
End-Date: 2015-02-16  13:31:17

Start-Date: 2015-02-16  13:31:22
Commandline: apt-get install -y minecraft-pi python-minecraftpi
Install: python-minecraftpi:armhf (0.1.1-2), minecraft-pi:armhf (0.1.1-2)
End-Date: 2015-02-16  13:31:29

Start-Date: 2015-02-16  13:32:02
Commandline: apt-get install -y wolfram-engine
Install: libportaudio2:armhf (19+svn20111121-1, automatic), wolfram-engine:armhf (10.0.2+2015020304), libatlas3-base:armhf (3.8.4-9+deb7u1+rpi1, automatic)
End-Date: 2015-02-16  13:33:10

Start-Date: 2015-02-27  04:01:40
Commandline: /usr/bin/apt-get install libraspberrypi0 libraspberrypi-dev libasound2-dev libudev-dev
Install: libudev-dev:armhf (175-7.2), libasound2-dev:armhf (1.0.25-4)
End-Date: 2015-02-27  04:01:43
