update-alternatives 2014-06-20 05:36:49: run with --quiet --install /usr/bin/awk awk /usr/bin/mawk 5 --slave /usr/share/man/man1/awk.1.gz awk.1.gz /usr/share/man/man1/mawk.1.gz --slave /usr/bin/nawk nawk /usr/bin/mawk --slave /usr/share/man/man1/nawk.1.gz nawk.1.gz /usr/share/man/man1/mawk.1.gz
update-alternatives 2014-06-20 05:36:49: link group awk updated to point to /usr/bin/mawk
update-alternatives 2014-06-20 05:38:41: run with --quiet --install /usr/bin/awk awk /usr/bin/mawk 5 --slave /usr/share/man/man1/awk.1.gz awk.1.gz /usr/share/man/man1/mawk.1.gz --slave /usr/bin/nawk nawk /usr/bin/mawk --slave /usr/share/man/man1/nawk.1.gz nawk.1.gz /usr/share/man/man1/mawk.1.gz
update-alternatives 2014-06-20 05:39:49: run with --install /usr/sbin/rmt rmt /usr/sbin/rmt-tar 50 --slave /usr/share/man/man8/rmt.8.gz rmt.8.gz /usr/share/man/man8/rmt-tar.8.gz
update-alternatives 2014-06-20 05:39:49: link group rmt updated to point to /usr/sbin/rmt-tar
update-alternatives 2014-06-20 05:39:49: run with --install /usr/bin/lzma lzma /usr/bin/xz 20 --slave /usr/share/man/man1/lzma.1.gz lzma.1.gz /usr/share/man/man1/xz.1.gz --slave /usr/bin/unlzma unlzma /usr/bin/unxz --slave /usr/share/man/man1/unlzma.1.gz unlzma.1.gz /usr/share/man/man1/unxz.1.gz --slave /usr/bin/lzcat lzcat /usr/bin/xzcat --slave /usr/share/man/man1/lzcat.1.gz lzcat.1.gz /usr/share/man/man1/xzcat.1.gz --slave /usr/bin/lzmore lzmore /usr/bin/xzmore --slave /usr/share/man/man1/lzmore.1.gz lzmore.1.gz /usr/share/man/man1/xzmore.1.gz --slave /usr/bin/lzless lzless /usr/bin/xzless --slave /usr/share/man/man1/lzless.1.gz lzless.1.gz /usr/share/man/man1/xzless.1.gz --slave /usr/bin/lzdiff lzdiff /usr/bin/xzdiff --slave /usr/share/man/man1/lzdiff.1.gz lzdiff.1.gz /usr/share/man/man1/xzdiff.1.gz --slave /usr/bin/lzcmp lzcmp /usr/bin/xzcmp --slave /usr/share/man/man1/lzcmp.1.gz lzcmp.1.gz /usr/share/man/man1/xzcmp.1.gz --slave /usr/bin/lzgrep lzgrep /usr/bin/xzgrep --slave /usr/share/man/man1/lzgrep.1.gz lzgrep.1.gz /usr/share/man/man1/xzgrep.1.gz --slave /usr/bin/lzegrep lzegrep /usr/bin/xzegrep --slave /usr/share/man/man1/lzegrep.1.gz lzegrep.1.gz /usr/share/man/man1/xzegrep.1.gz --slave /usr/bin/lzfgrep lzfgrep /usr/bin/xzfgrep --slave /usr/share/man/man1/lzfgrep.1.gz lzfgrep.1.gz /usr/share/man/man1/xzfgrep.1.gz
update-alternatives 2014-06-20 05:39:49: link group lzma updated to point to /usr/bin/xz
update-alternatives 2014-06-20 05:39:50: run with --install /bin/mt mt /bin/mt-gnu 10 --slave /usr/share/man/man1/mt.1.gz mt.1.gz /usr/share/man/man1/mt-gnu.1.gz
update-alternatives 2014-06-20 05:39:50: link group mt updated to point to /bin/mt-gnu
update-alternatives 2014-06-20 05:39:56: run with --install /usr/share/man/man7/builtins.7.gz builtins.7.gz /usr/share/man/man7/bash-builtins.7.gz 10
update-alternatives 2014-06-20 05:39:56: link group builtins.7.gz updated to point to /usr/share/man/man7/bash-builtins.7.gz
update-alternatives 2014-06-20 05:40:31: run with --install /usr/bin/w w /usr/bin/w.procps 50 --slave /usr/share/man/man1/w.1.gz w.1.gz /usr/share/man/man1/w.procps.1.gz
update-alternatives 2014-06-20 05:40:31: link group w updated to point to /usr/bin/w.procps
update-alternatives 2014-06-20 05:40:39: run with --install /usr/bin/pager pager /bin/more 50 --slave /usr/share/man/man1/pager.1.gz pager.1.gz /usr/share/man/man1/more.1.gz
update-alternatives 2014-06-20 05:40:39: link group pager updated to point to /bin/more
update-alternatives 2014-06-20 05:40:39: run with --install /usr/bin/pager pager /usr/bin/pg 10 --slave /usr/share/man/man1/pager.1.gz pager.1.gz /usr/share/man/man1/pg.1.gz
update-alternatives 2014-06-20 05:42:24: run with --install /usr/bin/traceroute traceroute /usr/bin/traceroute.db 100 --slave /usr/sbin/traceroute traceroute.sbin /usr/bin/traceroute.db --slave /usr/share/man/man1/traceroute.1.gz traceroute.1.gz /usr/share/man/man1/traceroute.db.1.gz
update-alternatives 2014-06-20 05:42:24: link group traceroute updated to point to /usr/bin/traceroute.db
update-alternatives 2014-06-20 05:42:24: run with --install /usr/bin/traceroute6 traceroute6 /usr/bin/traceroute6.db 100 --slave /usr/share/man/man1/traceroute6.1.gz traceroute6.1.gz /usr/share/man/man1/traceroute6.db.1.gz
update-alternatives 2014-06-20 05:42:25: link group traceroute6 updated to point to /usr/bin/traceroute6.db
update-alternatives 2014-06-20 05:42:25: run with --install /usr/bin/lft lft /usr/bin/lft.db 100 --slave /usr/share/man/man1/lft.1.gz lft.1.gz /usr/share/man/man1/lft.db.1.gz
update-alternatives 2014-06-20 05:42:25: link group lft updated to point to /usr/bin/lft.db
update-alternatives 2014-06-20 05:42:25: run with --install /usr/bin/traceproto traceproto /usr/bin/traceproto.db 100 --slave /usr/share/man/man1/traceproto.1.gz traceproto.1.gz /usr/share/man/man1/traceproto.db.1.gz
update-alternatives 2014-06-20 05:42:25: link group traceproto updated to point to /usr/bin/traceproto.db
update-alternatives 2014-06-20 05:42:25: run with --install /usr/sbin/tcptraceroute tcptraceroute /usr/sbin/tcptraceroute.db 100 --slave /usr/share/man/man8/tcptraceroute.8.gz tcptraceroute.8.gz /usr/share/man/man8/tcptraceroute.db.8.gz
update-alternatives 2014-06-20 05:42:25: link group tcptraceroute updated to point to /usr/sbin/tcptraceroute.db
update-alternatives 2014-06-20 05:42:26: run with --install /usr/bin/write write /usr/bin/bsd-write 100 --slave /usr/share/man/man1/write.1.gz write.1.gz /usr/share/man/man1/bsd-write.1.gz
update-alternatives 2014-06-20 05:42:26: link group write updated to point to /usr/bin/bsd-write
update-alternatives 2014-06-20 05:42:27: run with --install /usr/bin/from from /usr/bin/bsd-from 10 --slave /usr/share/man/man1/from.1.gz from.1.gz /usr/share/man/man1/bsd-from.1.gz
update-alternatives 2014-06-20 05:42:27: link group from updated to point to /usr/bin/bsd-from
update-alternatives 2014-06-20 05:42:27: run with --install /bin/nc nc /bin/nc.traditional 10 --slave /bin/netcat netcat /bin/nc.traditional --slave /usr/share/man/man1/nc.1.gz nc.1.gz /usr/share/man/man1/nc.traditional.1.gz --slave /usr/share/man/man1/netcat.1.gz netcat.1.gz /usr/share/man/man1/nc.traditional.1.gz
update-alternatives 2014-06-20 05:42:27: link group nc updated to point to /bin/nc.traditional
update-alternatives 2014-06-20 05:42:27: run with --install /usr/bin/infobrowser infobrowser /usr/bin/info 60 --slave /usr/share/man/man1/infobrowser.1.gz infobrowser.1.gz /usr/share/man/man1/info.1.gz
update-alternatives 2014-06-20 05:42:27: link group infobrowser updated to point to /usr/bin/info
update-alternatives 2014-06-20 05:42:35: run with --install /usr/bin/editor editor /bin/nano 40 --slave /usr/share/man/man1/editor.1.gz editor.1.gz /usr/share/man/man1/nano.1.gz
update-alternatives 2014-06-20 05:42:35: link group editor updated to point to /bin/nano
update-alternatives 2014-06-20 05:42:35: run with --install /usr/bin/pico pico /bin/nano 10 --slave /usr/share/man/man1/pico.1.gz pico.1.gz /usr/share/man/man1/nano.1.gz
update-alternatives 2014-06-20 05:42:35: link group pico updated to point to /bin/nano
update-alternatives 2014-06-20 05:42:40: run with --install /usr/bin/rview rview /usr/bin/vim.tiny 10
update-alternatives 2014-06-20 05:42:40: link group rview updated to point to /usr/bin/vim.tiny
update-alternatives 2014-06-20 05:42:40: run with --install /usr/bin/vi vi /usr/bin/vim.tiny 10 --slave /usr/share/man/fr/man1/vi.1.gz vi.fr.1.gz /usr/share/man/fr/man1/vim.1.gz --slave /usr/share/man/it/man1/vi.1.gz vi.it.1.gz /usr/share/man/it/man1/vim.1.gz --slave /usr/share/man/pl/man1/vi.1.gz vi.pl.1.gz /usr/share/man/pl/man1/vim.1.gz --slave /usr/share/man/ru/man1/vi.1.gz vi.ru.1.gz /usr/share/man/ru/man1/vim.1.gz --slave /usr/share/man/man1/vi.1.gz vi.1.gz /usr/share/man/man1/vim.1.gz
update-alternatives 2014-06-20 05:42:40: link group vi updated to point to /usr/bin/vim.tiny
update-alternatives 2014-06-20 05:42:40: run with --install /usr/bin/view view /usr/bin/vim.tiny 10 --slave /usr/share/man/fr/man1/view.1.gz view.fr.1.gz /usr/share/man/fr/man1/vim.1.gz --slave /usr/share/man/it/man1/view.1.gz view.it.1.gz /usr/share/man/it/man1/vim.1.gz --slave /usr/share/man/pl/man1/view.1.gz view.pl.1.gz /usr/share/man/pl/man1/vim.1.gz --slave /usr/share/man/ru/man1/view.1.gz view.ru.1.gz /usr/share/man/ru/man1/vim.1.gz --slave /usr/share/man/man1/view.1.gz view.1.gz /usr/share/man/man1/vim.1.gz
update-alternatives 2014-06-20 05:42:40: link group view updated to point to /usr/bin/vim.tiny
update-alternatives 2014-06-20 05:42:40: run with --install /usr/bin/ex ex /usr/bin/vim.tiny 10 --slave /usr/share/man/fr/man1/ex.1.gz ex.fr.1.gz /usr/share/man/fr/man1/vim.1.gz --slave /usr/share/man/it/man1/ex.1.gz ex.it.1.gz /usr/share/man/it/man1/vim.1.gz --slave /usr/share/man/pl/man1/ex.1.gz ex.pl.1.gz /usr/share/man/pl/man1/vim.1.gz --slave /usr/share/man/ru/man1/ex.1.gz ex.ru.1.gz /usr/share/man/ru/man1/vim.1.gz --slave /usr/share/man/man1/ex.1.gz ex.1.gz /usr/share/man/man1/vim.1.gz
update-alternatives 2014-06-20 05:42:40: link group ex updated to point to /usr/bin/vim.tiny
update-alternatives 2014-06-20 05:42:40: run with --install /usr/bin/editor editor /usr/bin/vim.tiny 10 --slave /usr/share/man/fr/man1/editor.1.gz editor.fr.1.gz /usr/share/man/fr/man1/vim.1.gz --slave /usr/share/man/it/man1/editor.1.gz editor.it.1.gz /usr/share/man/it/man1/vim.1.gz --slave /usr/share/man/pl/man1/editor.1.gz editor.pl.1.gz /usr/share/man/pl/man1/vim.1.gz --slave /usr/share/man/ru/man1/editor.1.gz editor.ru.1.gz /usr/share/man/ru/man1/vim.1.gz --slave /usr/share/man/man1/editor.1.gz editor.1.gz /usr/share/man/man1/vim.1.gz
update-alternatives 2014-06-20 05:42:44: run with --install /bin/nc nc /bin/nc.openbsd 50 --slave /bin/netcat netcat /bin/nc.openbsd --slave /usr/share/man/man1/nc.1.gz nc.1.gz /usr/share/man/man1/nc_openbsd.1.gz --slave /usr/share/man/man1/netcat.1.gz netcat.1.gz /usr/share/man/man1/nc_openbsd.1.gz
update-alternatives 2014-06-20 05:42:44: link group nc updated to point to /bin/nc.openbsd
update-alternatives 2014-06-20 05:43:55: run with --install /usr/bin/aptitude aptitude /usr/bin/aptitude-curses 30 --slave /usr/share/man/man8/aptitude.8.gz aptitude.8.gz /usr/share/man/man8/aptitude-curses.8.gz --slave /usr/share/man/cs/man8/aptitude.8.gz aptitude.cs.8.gz /usr/share/man/cs/man8/aptitude-curses.8.gz --slave /usr/share/man/de/man8/aptitude.8.gz aptitude.de.8.gz /usr/share/man/de/man8/aptitude-curses.8.gz --slave /usr/share/man/es/man8/aptitude.8.gz aptitude.es.8.gz /usr/share/man/es/man8/aptitude-curses.8.gz --slave /usr/share/man/fi/man8/aptitude.8.gz aptitude.fi.8.gz /usr/share/man/fi/man8/aptitude-curses.8.gz --slave /usr/share/man/fr/man8/aptitude.8.gz aptitude.fr.8.gz /usr/share/man/fr/man8/aptitude-curses.8.gz --slave /usr/share/man/gl/man8/aptitude.8.gz aptitude.gl.8.gz /usr/share/man/gl/man8/aptitude-curses.8.gz --slave /usr/share/man/it/man8/aptitude.8.gz aptitude.it.8.gz /usr/share/man/it/man8/aptitude-curses.8.gz --slave /usr/share/man/ja/man8/aptitude.8.gz aptitude.ja.8.gz /usr/share/man/ja/man8/aptitude-curses.8.gz --slave /usr/share/man/pl/man8/aptitude.8.gz aptitude.pl.8.gz /usr/share/man/pl/man8/aptitude-curses.8.gz
update-alternatives 2014-06-20 05:43:55: link group aptitude updated to point to /usr/bin/aptitude-curses
update-alternatives 2014-06-20 05:51:30: run with --install /usr/bin/lua lua-interpreter /usr/bin/lua5.1 110 --slave /usr/share/man/man1/lua.1.gz lua-manual /usr/share/man/man1/lua5.1.1.gz
update-alternatives 2014-06-20 05:51:30: link group lua-interpreter updated to point to /usr/bin/lua5.1
update-alternatives 2014-06-20 05:51:30: run with --install /usr/bin/luac lua-compiler /usr/bin/luac5.1 110 --slave /usr/share/man/man1/luac.1.gz lua-compiler-manual /usr/share/man/man1/luac5.1.1.gz
update-alternatives 2014-06-20 05:51:30: link group lua-compiler updated to point to /usr/bin/luac5.1
update-alternatives 2014-06-20 06:35:20: run with --quiet --install /usr/bin/pager pager /bin/less 77 --slave /usr/share/man/man1/pager.1.gz pager.1.gz /usr/share/man/man1/less.1.gz
update-alternatives 2014-06-20 06:35:20: link group pager updated to point to /bin/less
update-alternatives 2014-06-20 06:35:23: run with --quiet --install /usr/bin/pager pager /bin/less 77 --slave /usr/share/man/man1/pager.1.gz pager.1.gz /usr/share/man/man1/less.1.gz
update-alternatives 2014-06-20 06:36:06: run with --quiet --install /usr/bin/rsh rsh /usr/bin/ssh 20 --slave /usr/share/man/man1/rsh.1.gz rsh.1.gz /usr/share/man/man1/ssh.1.gz
update-alternatives 2014-06-20 06:36:06: link group rsh updated to point to /usr/bin/ssh
update-alternatives 2014-06-20 06:36:07: run with --quiet --install /usr/bin/rlogin rlogin /usr/bin/slogin 20 --slave /usr/share/man/man1/rlogin.1.gz rlogin.1.gz /usr/share/man/man1/slogin.1.gz
update-alternatives 2014-06-20 06:36:07: link group rlogin updated to point to /usr/bin/slogin
update-alternatives 2014-06-20 06:36:07: run with --quiet --install /usr/bin/rcp rcp /usr/bin/scp 20 --slave /usr/share/man/man1/rcp.1.gz rcp.1.gz /usr/share/man/man1/scp.1.gz
update-alternatives 2014-06-20 06:36:07: link group rcp updated to point to /usr/bin/scp
update-alternatives 2014-06-20 06:36:08: run with --quiet --install /usr/bin/editor editor /bin/ed -100 --slave /usr/share/man/man1/editor.1.gz editor.1.gz /usr/share/man/man1/ed.1.gz
update-alternatives 2014-06-20 06:40:15: run with --install /usr/bin/view view /usr/bin/see 1 --slave /usr/share/man/man1/view.1.gz view.1.gz /usr/share/man/man1/see.1.gz
update-alternatives 2014-06-20 06:40:47: run with --quiet --install /lib/cpp cpp /usr/bin/cpp 10
update-alternatives 2014-06-20 06:40:47: link group cpp updated to point to /usr/bin/cpp
update-alternatives 2014-06-20 06:40:47: run with --quiet --install /usr/bin/cc cc /usr/bin/gcc 20
update-alternatives 2014-06-20 06:40:47: link group cc updated to point to /usr/bin/gcc
update-alternatives 2014-06-20 06:40:47: run with --quiet --install /usr/bin/c89 c89 /usr/bin/c89-gcc 20 --slave /usr/share/man/man1/c89.1.gz c89.1.gz /usr/share/man/man1/c89-gcc.1.gz
update-alternatives 2014-06-20 06:40:47: link group c89 updated to point to /usr/bin/c89-gcc
update-alternatives 2014-06-20 06:40:48: run with --quiet --install /usr/bin/c99 c99 /usr/bin/c99-gcc 20 --slave /usr/share/man/man1/c99.1.gz c99.1.gz /usr/share/man/man1/c99-gcc.1.gz
update-alternatives 2014-06-20 06:40:48: link group c99 updated to point to /usr/bin/c99-gcc
update-alternatives 2014-06-20 06:40:48: run with --install /usr/bin/fakeroot fakeroot /usr/bin/fakeroot-sysv 50 --slave /usr/share/man/man1/fakeroot.1.gz fakeroot.1.gz /usr/share/man/man1/fakeroot-sysv.1.gz --slave /usr/share/man/man1/faked.1.gz faked.1.gz /usr/share/man/man1/faked-sysv.1.gz --slave /usr/share/man/es/man1/fakeroot.1.gz fakeroot.es.1.gz /usr/share/man/es/man1/fakeroot-sysv.1.gz --slave /usr/share/man/es/man1/faked.1.gz faked.es.1.gz /usr/share/man/es/man1/faked-sysv.1.gz --slave /usr/share/man/fr/man1/fakeroot.1.gz fakeroot.fr.1.gz /usr/share/man/fr/man1/fakeroot-sysv.1.gz --slave /usr/share/man/fr/man1/faked.1.gz faked.fr.1.gz /usr/share/man/fr/man1/faked-sysv.1.gz --slave /usr/share/man/sv/man1/fakeroot.1.gz fakeroot.sv.1.gz /usr/share/man/sv/man1/fakeroot-sysv.1.gz --slave /usr/share/man/sv/man1/faked.1.gz faked.sv.1.gz /usr/share/man/sv/man1/faked-sysv.1.gz
update-alternatives 2014-06-20 06:40:48: link group fakeroot updated to point to /usr/bin/fakeroot-sysv
update-alternatives 2014-06-20 06:40:48: run with --install /usr/bin/fakeroot fakeroot /usr/bin/fakeroot-tcp 30 --slave /usr/share/man/man1/fakeroot.1.gz fakeroot.1.gz /usr/share/man/man1/fakeroot-tcp.1.gz --slave /usr/share/man/man1/faked.1.gz faked.1.gz /usr/share/man/man1/faked-tcp.1.gz --slave /usr/share/man/es/man1/fakeroot.1.gz fakeroot.es.1.gz /usr/share/man/es/man1/fakeroot-tcp.1.gz --slave /usr/share/man/es/man1/faked.1.gz faked.es.1.gz /usr/share/man/es/man1/faked-tcp.1.gz --slave /usr/share/man/fr/man1/fakeroot.1.gz fakeroot.fr.1.gz /usr/share/man/fr/man1/fakeroot-tcp.1.gz --slave /usr/share/man/fr/man1/faked.1.gz faked.fr.1.gz /usr/share/man/fr/man1/faked-tcp.1.gz --slave /usr/share/man/sv/man1/fakeroot.1.gz fakeroot.sv.1.gz /usr/share/man/sv/man1/fakeroot-tcp.1.gz --slave /usr/share/man/sv/man1/faked.1.gz faked.sv.1.gz /usr/share/man/sv/man1/faked-tcp.1.gz
update-alternatives 2014-06-20 06:40:57: run with --install /usr/bin/c++ c++ /usr/bin/g++ 20
update-alternatives 2014-06-20 06:40:57: link group c++ updated to point to /usr/bin/g++
update-alternatives 2014-06-20 06:40:57: run with --install /usr/bin/rename rename /usr/bin/prename 60 --slave /usr/share/man/man1/rename.1.gz rename.1.gz /usr/share/man/man1/prename.1.gz
update-alternatives 2014-06-20 06:40:57: link group rename updated to point to /usr/bin/prename
update-alternatives 2014-06-20 08:47:22: run with --install /usr/bin/x-www-browser x-www-browser /usr/bin/midori 50 --slave /usr/share/man/man1/x-www-browser.1.gz x-www-browser.1.gz /usr/share/man/man1/midori.1.gz
update-alternatives 2014-06-20 08:47:22: link group x-www-browser updated to point to /usr/bin/midori
update-alternatives 2014-06-20 08:49:17: run with --install /usr/bin/x-window-manager x-window-manager /usr/bin/openbox 90 --slave /usr/share/man/man1/x-window-manager.1.gz x-window-manager.1.gz /usr/share/man/man1/openbox.1.gz
update-alternatives 2014-06-20 08:49:17: link group x-window-manager updated to point to /usr/bin/openbox
update-alternatives 2014-06-20 08:49:17: run with --install /usr/bin/x-session-manager x-session-manager /usr/bin/openbox-session 40 --slave /usr/share/man/man1/x-session-manager.1.gz x-session-manager.1.gz /usr/share/man/man1/openbox-session.1.gz
update-alternatives 2014-06-20 08:49:17: link group x-session-manager updated to point to /usr/bin/openbox-session
update-alternatives 2014-06-20 08:49:18: run with --install /usr/bin/gconftool gconftool /usr/bin/gconftool-2 25 --slave /usr/share/man/man1/gconftool.1.gz gconftool.1.gz /usr/share/man/man1/gconftool-2.1.gz
update-alternatives 2014-06-20 08:49:18: link group gconftool updated to point to /usr/bin/gconftool-2
update-alternatives 2014-06-20 08:49:21: run with --install /usr/share/gconf/defaults/10_libgksu libgksu-gconf-defaults /usr/share/libgksu/debian/gconf-defaults.libgksu-sudo 10
update-alternatives 2014-06-20 08:49:21: link group libgksu-gconf-defaults updated to point to /usr/share/libgksu/debian/gconf-defaults.libgksu-sudo
update-alternatives 2014-06-20 08:49:21: run with --install /usr/share/gconf/defaults/10_libgksu libgksu-gconf-defaults /usr/share/libgksu/debian/gconf-defaults.libgksu-su 20
update-alternatives 2014-06-20 08:49:21: link group libgksu-gconf-defaults updated to point to /usr/share/libgksu/debian/gconf-defaults.libgksu-su
update-alternatives 2014-06-20 08:49:22: run with --install /usr/bin/gnome-text-editor gnome-text-editor /usr/bin/leafpad 40 --slave /usr/share/man/man1/gnome-text-editor.1.gz gnome-text-editor.1.gz /usr/share/man/man1/leafpad.1.gz
update-alternatives 2014-06-20 08:49:22: link group gnome-text-editor updated to point to /usr/bin/leafpad
update-alternatives 2014-06-20 08:49:23: run with --install /usr/bin/x-session-manager x-session-manager /usr/bin/lxsession 49 --slave /usr/share/man/man1/lxsession-manager.1.gz x-session-manager.1.gz /usr/share/man/man1/lxsession.1.gz
update-alternatives 2014-06-20 08:49:23: link group x-session-manager updated to point to /usr/bin/lxsession
update-alternatives 2014-06-20 08:49:23: run with --install /usr/bin/x-session-manager x-session-manager /usr/bin/startlxde 50 --slave /usr/share/man/man1/x-session-manager.1.gz x-session-manager.1.gz /usr/share/man/man1/startlxde.1.gz
update-alternatives 2014-06-20 08:49:23: link group x-session-manager updated to point to /usr/bin/startlxde
update-alternatives 2014-06-20 08:49:23: run with --install /usr/bin/x-terminal-emulator x-terminal-emulator /usr/bin/lxterminal 40 --slave /usr/share/man/man1/x-terminal-emulator.1.gz x-terminal-emulator.1.gz /usr/share/man/man1/lxterminal.1.gz
update-alternatives 2014-06-20 08:49:23: link group x-terminal-emulator updated to point to /usr/bin/lxterminal
update-alternatives 2014-06-20 08:53:52: run with --install /usr/bin/netsurf netsurf-browser /usr/bin/netsurf-gtk 80 --slave /usr/share/man/man1/netsurf.1.gz netsurf-manual /usr/share/man/man1/netsurf-gtk.1.gz
update-alternatives 2014-06-20 08:53:52: link group netsurf-browser updated to point to /usr/bin/netsurf-gtk
update-alternatives 2014-06-20 08:54:24: run with --install /usr/share/images/desktop-base/desktop-background desktop-background /usr/share/images/desktop-base/joy-wallpaper_1600x1200.svg 65
update-alternatives 2014-06-20 08:54:24: link group desktop-background updated to point to /usr/share/images/desktop-base/joy-wallpaper_1600x1200.svg
update-alternatives 2014-06-20 08:54:24: run with --install /usr/share/images/desktop-base/desktop-background desktop-background /usr/share/images/desktop-base/joy-wallpaper_1280x1024.svg 65
update-alternatives 2014-06-20 08:54:24: run with --install /usr/share/images/desktop-base/desktop-background desktop-background /usr/share/images/desktop-base/joy-wallpaper_1920x1080.svg 70
update-alternatives 2014-06-20 08:54:24: link group desktop-background updated to point to /usr/share/images/desktop-base/joy-wallpaper_1920x1080.svg
update-alternatives 2014-06-20 08:54:24: run with --install /usr/share/images/desktop-base/desktop-background desktop-background /usr/share/images/desktop-base/joy-wallpaper_1920x1200.svg 65
update-alternatives 2014-06-20 08:54:24: run with --install /usr/share/images/desktop-base/desktop-background desktop-background /usr/share/images/desktop-base/joy-inksplat-wallpaper_1920x1080.svg 65
update-alternatives 2014-06-20 08:54:25: run with --install /usr/share/images/desktop-base/desktop-background desktop-background /usr/share/images/desktop-base/spacefun-wallpaper.svg 60
update-alternatives 2014-06-20 08:54:25: run with --install /usr/share/images/desktop-base/desktop-background desktop-background /usr/share/images/desktop-base/spacefun-wallpaper-widescreen.svg 55
update-alternatives 2014-06-20 08:54:25: run with --install /usr/share/images/desktop-base/desktop-background desktop-background /usr/share/images/desktop-base/moreblue-orbit-wallpaper.svg 50
update-alternatives 2014-06-20 08:54:25: run with --install /usr/share/images/desktop-base/desktop-background desktop-background /usr/share/images/desktop-base/moreblue-orbit-wallpaper-widescreen.svg 50
update-alternatives 2014-06-20 08:54:25: run with --install /usr/share/images/desktop-base/desktop-background desktop-background /usr/share/images/desktop-base/nightly-wallpaper.png 40
update-alternatives 2014-06-20 08:54:25: run with --install /usr/share/images/desktop-base/desktop-background desktop-background /usr/share/images/desktop-base/debian-blueish-wallpaper.svg 30
update-alternatives 2014-06-20 08:54:25: run with --install /usr/share/images/desktop-base/desktop-background.xml desktop-background.xml /usr/share/images/desktop-base/joy.xml 10
update-alternatives 2014-06-20 08:54:25: link group desktop-background.xml updated to point to /usr/share/images/desktop-base/joy.xml
update-alternatives 2014-06-20 08:54:25: run with --install /usr/share/images/desktop-base/desktop-splash desktop-splash /usr/share/images/desktop-base/spacefun-splash.svg 50
update-alternatives 2014-06-20 08:54:25: link group desktop-splash updated to point to /usr/share/images/desktop-base/spacefun-splash.svg
update-alternatives 2014-06-20 08:54:25: run with --install /usr/share/images/desktop-base/desktop-splash desktop-splash /usr/share/images/desktop-base/moreblue-orbit-splash.png 40
update-alternatives 2014-06-20 08:54:25: run with --install /usr/share/images/desktop-base/desktop-splash desktop-splash /usr/share/images/desktop-base/gnome-splash-curves.png 30
update-alternatives 2014-06-20 08:54:25: run with --install /usr/share/images/desktop-base/desktop-grub.png desktop-grub /usr/share/images/desktop-base/joy-grub.png 20
update-alternatives 2014-06-20 08:54:25: link group desktop-grub updated to point to /usr/share/images/desktop-base/joy-grub.png
update-alternatives 2014-06-20 08:54:25: run with --install /usr/share/images/desktop-base/desktop-grub.png desktop-grub /usr/share/images/desktop-base/spacefun-grub.png 15
update-alternatives 2014-06-20 08:54:26: run with --install /usr/share/images/desktop-base/desktop-grub.png desktop-grub /usr/share/images/desktop-base/spacefun-grub-widescreen.png 14
update-alternatives 2014-06-20 08:57:36: run with --set libgksu-gconf-defaults /usr/share/libgksu/debian/gconf-defaults.libgksu-sudo
update-alternatives 2014-06-20 08:57:36: status of link group /usr/share/gconf/defaults/10_libgksu set to manual
update-alternatives 2014-06-20 08:57:36: link group libgksu-gconf-defaults updated to point to /usr/share/libgksu/debian/gconf-defaults.libgksu-sudo
update-alternatives 2014-06-20 08:58:56: run with --install /usr/share/images/desktop-base/desktop-background desktop-background /usr/share/raspberrypi-artwork/raspberry-pi-logo.png 100
update-alternatives 2014-06-20 08:58:56: link group desktop-background updated to point to /usr/share/raspberrypi-artwork/raspberry-pi-logo.png
update-alternatives 2014-06-20 08:59:55: run with --install /usr/share/icons/gnome/scalable/places/start-here.svg start-here.svg /usr/share/icons/gnome/scalable/places/debian-swirl.svg 30 --slave /usr/share/icons/gnome/16x16/places/start-here.png start-here-16.png /usr/share/icons/gnome/16x16/places/debian-swirl.png --slave /usr/share/icons/gnome/22x22/places/start-here.png start-here-22.png /usr/share/icons/gnome/22x22/places/debian-swirl.png --slave /usr/share/icons/gnome/24x24/places/start-here.png start-here-24.png /usr/share/icons/gnome/24x24/places/debian-swirl.png --slave /usr/share/icons/gnome/256x256/places/start-here.png start-here-256.png /usr/share/icons/gnome/256x256/places/debian-swirl.png --slave /usr/share/icons/gnome/32x32/places/start-here.png start-here-32.png /usr/share/icons/gnome/32x32/places/debian-swirl.png --slave /usr/share/icons/gnome/48x48/places/start-here.png start-here-48.png /usr/share/icons/gnome/48x48/places/debian-swirl.png
update-alternatives 2014-06-20 08:59:56: link group start-here.svg updated to point to /usr/share/icons/gnome/scalable/places/debian-swirl.svg
update-alternatives 2014-06-20 08:59:56: run with --install /usr/share/icons/gnome/scalable/places/start-here.svg start-here.svg /usr/share/icons/gnome/scalable/places/gnome-foot.svg 20 --slave /usr/share/icons/gnome/16x16/places/start-here.png start-here-16.png /usr/share/icons/gnome/16x16/places/gnome-foot.png --slave /usr/share/icons/gnome/22x22/places/start-here.png start-here-22.png /usr/share/icons/gnome/22x22/places/gnome-foot.png --slave /usr/share/icons/gnome/24x24/places/start-here.png start-here-24.png /usr/share/icons/gnome/24x24/places/gnome-foot.png --slave /usr/share/icons/gnome/256x256/places/start-here.png start-here-256.png /usr/share/icons/gnome/256x256/places/gnome-foot.png --slave /usr/share/icons/gnome/32x32/places/start-here.png start-here-32.png /usr/share/icons/gnome/32x32/places/gnome-foot.png --slave /usr/share/icons/gnome/48x48/places/start-here.png start-here-48.png /usr/share/icons/gnome/48x48/places/gnome-foot.png
update-alternatives 2014-06-20 09:00:16: run with --install /usr/share/xgreeters/lightdm-greeter.desktop lightdm-greeter /usr/share/xgreeters/lightdm-gtk-greeter.desktop 60
update-alternatives 2014-06-20 09:00:16: link group lightdm-greeter updated to point to /usr/share/xgreeters/lightdm-gtk-greeter.desktop
update-alternatives 2014-06-20 09:06:16: run with --install /usr/bin/tclsh tclsh /usr/bin/tclsh8.5 850 --slave /usr/share/man/man1/tclsh.1.gz tclsh.1 /usr/share/man/man1/tclsh8.5.1.gz
update-alternatives 2014-06-20 09:06:16: link group tclsh updated to point to /usr/bin/tclsh8.5
update-alternatives 2014-06-20 09:06:16: run with --install /usr/bin/wish wish /usr/bin/wish8.5 850 --slave /usr/share/man/man1/wish.1.gz wish.1 /usr/share/man/man1/wish8.5.1.gz
update-alternatives 2014-06-20 09:06:16: link group wish updated to point to /usr/bin/wish8.5
update-alternatives 2014-06-20 09:06:21: run with --install /usr/lib/libblas.so.3 libblas.so.3 /usr/lib/libblas/libblas.so.3 10 --slave /usr/lib/libblas.so.3gf libblas.so.3gf /usr/lib/libblas/libblas.so.3
update-alternatives 2014-06-20 09:06:21: link group libblas.so.3 updated to point to /usr/lib/libblas/libblas.so.3
update-alternatives 2014-06-20 09:06:25: run with --install /usr/lib/liblapack.so.3 liblapack.so.3 /usr/lib/lapack/liblapack.so.3 10 --slave /usr/lib/liblapack.so.3gf liblapack.so.3gf /usr/lib/lapack/liblapack.so.3
update-alternatives 2014-06-20 09:06:25: link group liblapack.so.3 updated to point to /usr/lib/lapack/liblapack.so.3
update-alternatives 2014-06-20 09:10:22: run with --quiet --install /usr/bin/x-www-browser x-www-browser /usr/bin/dillo 50 --slave /usr/share/man/man1/x-www-browser.1.gz x-www-browser.1.gz /usr/share/man/man1/dillo.1.gz
update-alternatives 2014-06-20 09:15:22: run with --install /usr/bin/gem gem /usr/bin/gem1.9.1 181 --slave /usr/share/man/man1/gem.1.gz gem.1.gz /usr/share/man/man1/gem1.9.1.1.gz --slave /etc/bash_completion.d/gem bash_completion_gem /etc/bash_completion.d/gem1.9.1
update-alternatives 2014-06-20 09:15:22: link group gem updated to point to /usr/bin/gem1.9.1
update-alternatives 2014-06-20 09:15:22: run with --install /usr/bin/ruby ruby /usr/bin/ruby1.9.1 51 --slave /usr/bin/erb erb /usr/bin/erb1.9.1 --slave /usr/bin/testrb testrb /usr/bin/testrb1.9.1 --slave /usr/bin/irb irb /usr/bin/irb1.9.1 --slave /usr/bin/rdoc rdoc /usr/bin/rdoc1.9.1 --slave /usr/bin/ri ri /usr/bin/ri1.9.1 --slave /usr/share/man/man1/ruby.1.gz ruby.1.gz /usr/share/man/man1/ruby1.9.1.1.gz --slave /usr/share/man/man1/erb.1.gz erb.1.gz /usr/share/man/man1/erb1.9.1.1.gz --slave /usr/share/man/man1/testrb.1.gz testrb.1.gz /usr/share/man/man1/testrb1.9.1.1.gz --slave /usr/share/man/man1/irb.1.gz irb.1.gz /usr/share/man/man1/irb1.9.1.1.gz --slave /usr/share/man/man1/rdoc.1.gz rdoc.1.gz /usr/share/man/man1/rdoc1.9.1.1.gz --slave /usr/share/man/man1/ri.1.gz ri.1.gz /usr/share/man/man1/ri1.9.1.1.gz
update-alternatives 2014-06-20 09:15:22: link group ruby updated to point to /usr/bin/ruby1.9.1
update-alternatives 2014-06-20 09:19:36: run with --install /usr/bin/java java /usr/lib/jvm/jdk-7-oracle-armhf/jre/bin/java 317 --slave /usr/share/man/man1/java.1.gz java.1.gz /usr/lib/jvm/jdk-7-oracle-armhf/man/man1/java.1.gz
update-alternatives 2014-06-20 09:19:36: link group java updated to point to /usr/lib/jvm/jdk-7-oracle-armhf/jre/bin/java
update-alternatives 2014-06-20 09:19:36: run with --install /usr/bin/keytool keytool /usr/lib/jvm/jdk-7-oracle-armhf/jre/bin/keytool 317 --slave /usr/share/man/man1/keytool.1.gz keytool.1.gz /usr/lib/jvm/jdk-7-oracle-armhf/man/man1/keytool.1.gz
update-alternatives 2014-06-20 09:19:36: link group keytool updated to point to /usr/lib/jvm/jdk-7-oracle-armhf/jre/bin/keytool
update-alternatives 2014-06-20 09:19:36: run with --install /usr/bin/orbd orbd /usr/lib/jvm/jdk-7-oracle-armhf/jre/bin/orbd 317 --slave /usr/share/man/man1/orbd.1.gz orbd.1.gz /usr/lib/jvm/jdk-7-oracle-armhf/man/man1/orbd.1.gz
update-alternatives 2014-06-20 09:19:36: link group orbd updated to point to /usr/lib/jvm/jdk-7-oracle-armhf/jre/bin/orbd
update-alternatives 2014-06-20 09:19:36: run with --install /usr/bin/pack200 pack200 /usr/lib/jvm/jdk-7-oracle-armhf/jre/bin/pack200 317 --slave /usr/share/man/man1/pack200.1.gz pack200.1.gz /usr/lib/jvm/jdk-7-oracle-armhf/man/man1/pack200.1.gz
update-alternatives 2014-06-20 09:19:36: link group pack200 updated to point to /usr/lib/jvm/jdk-7-oracle-armhf/jre/bin/pack200
update-alternatives 2014-06-20 09:19:36: run with --install /usr/bin/rmid rmid /usr/lib/jvm/jdk-7-oracle-armhf/jre/bin/rmid 317 --slave /usr/share/man/man1/rmid.1.gz rmid.1.gz /usr/lib/jvm/jdk-7-oracle-armhf/man/man1/rmid.1.gz
update-alternatives 2014-06-20 09:19:36: link group rmid updated to point to /usr/lib/jvm/jdk-7-oracle-armhf/jre/bin/rmid
update-alternatives 2014-06-20 09:19:36: run with --install /usr/bin/rmiregistry rmiregistry /usr/lib/jvm/jdk-7-oracle-armhf/jre/bin/rmiregistry 317 --slave /usr/share/man/man1/rmiregistry.1.gz rmiregistry.1.gz /usr/lib/jvm/jdk-7-oracle-armhf/man/man1/rmiregistry.1.gz
update-alternatives 2014-06-20 09:19:36: link group rmiregistry updated to point to /usr/lib/jvm/jdk-7-oracle-armhf/jre/bin/rmiregistry
update-alternatives 2014-06-20 09:19:36: run with --install /usr/bin/servertool servertool /usr/lib/jvm/jdk-7-oracle-armhf/jre/bin/servertool 317 --slave /usr/share/man/man1/servertool.1.gz servertool.1.gz /usr/lib/jvm/jdk-7-oracle-armhf/man/man1/servertool.1.gz
update-alternatives 2014-06-20 09:19:36: link group servertool updated to point to /usr/lib/jvm/jdk-7-oracle-armhf/jre/bin/servertool
update-alternatives 2014-06-20 09:19:36: run with --install /usr/bin/tnameserv tnameserv /usr/lib/jvm/jdk-7-oracle-armhf/jre/bin/tnameserv 317 --slave /usr/share/man/man1/tnameserv.1.gz tnameserv.1.gz /usr/lib/jvm/jdk-7-oracle-armhf/man/man1/tnameserv.1.gz
update-alternatives 2014-06-20 09:19:36: link group tnameserv updated to point to /usr/lib/jvm/jdk-7-oracle-armhf/jre/bin/tnameserv
update-alternatives 2014-06-20 09:19:36: run with --install /usr/bin/unpack200 unpack200 /usr/lib/jvm/jdk-7-oracle-armhf/jre/bin/unpack200 317 --slave /usr/share/man/man1/unpack200.1.gz unpack200.1.gz /usr/lib/jvm/jdk-7-oracle-armhf/man/man1/unpack200.1.gz
update-alternatives 2014-06-20 09:19:36: link group unpack200 updated to point to /usr/lib/jvm/jdk-7-oracle-armhf/jre/bin/unpack200
update-alternatives 2014-06-20 09:19:37: run with --install /usr/bin/policytool policytool /usr/lib/jvm/jdk-7-oracle-armhf/jre/bin/policytool 317 --slave /usr/share/man/man1/policytool.1.gz policytool.1.gz /usr/lib/jvm/jdk-7-oracle-armhf/man/man1/policytool.1.gz
update-alternatives 2014-06-20 09:19:37: link group policytool updated to point to /usr/lib/jvm/jdk-7-oracle-armhf/jre/bin/policytool
update-alternatives 2014-06-20 09:19:37: run with --install /usr/bin/policytool policytool /usr/lib/jvm/jdk-7-oracle-armhf/jre/bin/policytool 317 --slave /usr/share/man/man1/policytool.1.gz policytool.1.gz /usr/lib/jvm/jdk-7-oracle-armhf/man/man1/policytool.1.gz
update-alternatives 2014-06-20 09:19:37: run with --install /usr/bin/jexec jexec /usr/lib/jvm/jdk-7-oracle-armhf/jre/lib/jexec 317
update-alternatives 2014-06-20 09:19:37: link group jexec updated to point to /usr/lib/jvm/jdk-7-oracle-armhf/jre/lib/jexec
update-alternatives 2014-06-20 09:19:37: run with --install /usr/bin/appletviewer appletviewer /usr/lib/jvm/jdk-7-oracle-armhf/bin/appletviewer 317 --slave /usr/share/man/man1/appletviewer.1.gz appletviewer.1.gz /usr/lib/jvm/jdk-7-oracle-armhf/man/man1/appletviewer.1.gz
update-alternatives 2014-06-20 09:19:37: link group appletviewer updated to point to /usr/lib/jvm/jdk-7-oracle-armhf/bin/appletviewer
update-alternatives 2014-06-20 09:19:37: run with --install /usr/bin/extcheck extcheck /usr/lib/jvm/jdk-7-oracle-armhf/bin/extcheck 317 --slave /usr/share/man/man1/extcheck.1.gz extcheck.1.gz /usr/lib/jvm/jdk-7-oracle-armhf/man/man1/extcheck.1.gz
update-alternatives 2014-06-20 09:19:37: link group extcheck updated to point to /usr/lib/jvm/jdk-7-oracle-armhf/bin/extcheck
update-alternatives 2014-06-20 09:19:37: run with --install /usr/bin/idlj idlj /usr/lib/jvm/jdk-7-oracle-armhf/bin/idlj 317 --slave /usr/share/man/man1/idlj.1.gz idlj.1.gz /usr/lib/jvm/jdk-7-oracle-armhf/man/man1/idlj.1.gz
update-alternatives 2014-06-20 09:19:37: link group idlj updated to point to /usr/lib/jvm/jdk-7-oracle-armhf/bin/idlj
update-alternatives 2014-06-20 09:19:37: run with --install /usr/bin/jar jar /usr/lib/jvm/jdk-7-oracle-armhf/bin/jar 317 --slave /usr/share/man/man1/jar.1.gz jar.1.gz /usr/lib/jvm/jdk-7-oracle-armhf/man/man1/jar.1.gz
update-alternatives 2014-06-20 09:19:37: link group jar updated to point to /usr/lib/jvm/jdk-7-oracle-armhf/bin/jar
update-alternatives 2014-06-20 09:19:37: run with --install /usr/bin/jarsigner jarsigner /usr/lib/jvm/jdk-7-oracle-armhf/bin/jarsigner 317 --slave /usr/share/man/man1/jarsigner.1.gz jarsigner.1.gz /usr/lib/jvm/jdk-7-oracle-armhf/man/man1/jarsigner.1.gz
update-alternatives 2014-06-20 09:19:37: link group jarsigner updated to point to /usr/lib/jvm/jdk-7-oracle-armhf/bin/jarsigner
update-alternatives 2014-06-20 09:19:37: run with --install /usr/bin/javac javac /usr/lib/jvm/jdk-7-oracle-armhf/bin/javac 317 --slave /usr/share/man/man1/javac.1.gz javac.1.gz /usr/lib/jvm/jdk-7-oracle-armhf/man/man1/javac.1.gz
update-alternatives 2014-06-20 09:19:37: link group javac updated to point to /usr/lib/jvm/jdk-7-oracle-armhf/bin/javac
update-alternatives 2014-06-20 09:19:38: run with --install /usr/bin/javadoc javadoc /usr/lib/jvm/jdk-7-oracle-armhf/bin/javadoc 317 --slave /usr/share/man/man1/javadoc.1.gz javadoc.1.gz /usr/lib/jvm/jdk-7-oracle-armhf/man/man1/javadoc.1.gz
update-alternatives 2014-06-20 09:19:38: link group javadoc updated to point to /usr/lib/jvm/jdk-7-oracle-armhf/bin/javadoc
update-alternatives 2014-06-20 09:19:38: run with --install /usr/bin/javah javah /usr/lib/jvm/jdk-7-oracle-armhf/bin/javah 317 --slave /usr/share/man/man1/javah.1.gz javah.1.gz /usr/lib/jvm/jdk-7-oracle-armhf/man/man1/javah.1.gz
update-alternatives 2014-06-20 09:19:38: link group javah updated to point to /usr/lib/jvm/jdk-7-oracle-armhf/bin/javah
update-alternatives 2014-06-20 09:19:38: run with --install /usr/bin/javap javap /usr/lib/jvm/jdk-7-oracle-armhf/bin/javap 317 --slave /usr/share/man/man1/javap.1.gz javap.1.gz /usr/lib/jvm/jdk-7-oracle-armhf/man/man1/javap.1.gz
update-alternatives 2014-06-20 09:19:38: link group javap updated to point to /usr/lib/jvm/jdk-7-oracle-armhf/bin/javap
update-alternatives 2014-06-20 09:19:38: run with --install /usr/bin/jconsole jconsole /usr/lib/jvm/jdk-7-oracle-armhf/bin/jconsole 317 --slave /usr/share/man/man1/jconsole.1.gz jconsole.1.gz /usr/lib/jvm/jdk-7-oracle-armhf/man/man1/jconsole.1.gz
update-alternatives 2014-06-20 09:19:38: link group jconsole updated to point to /usr/lib/jvm/jdk-7-oracle-armhf/bin/jconsole
update-alternatives 2014-06-20 09:19:38: run with --install /usr/bin/jdb jdb /usr/lib/jvm/jdk-7-oracle-armhf/bin/jdb 317 --slave /usr/share/man/man1/jdb.1.gz jdb.1.gz /usr/lib/jvm/jdk-7-oracle-armhf/man/man1/jdb.1.gz
update-alternatives 2014-06-20 09:19:38: link group jdb updated to point to /usr/lib/jvm/jdk-7-oracle-armhf/bin/jdb
update-alternatives 2014-06-20 09:19:38: run with --install /usr/bin/jinfo jinfo /usr/lib/jvm/jdk-7-oracle-armhf/bin/jinfo 317 --slave /usr/share/man/man1/jinfo.1.gz jinfo.1.gz /usr/lib/jvm/jdk-7-oracle-armhf/man/man1/jinfo.1.gz
update-alternatives 2014-06-20 09:19:38: link group jinfo updated to point to /usr/lib/jvm/jdk-7-oracle-armhf/bin/jinfo
update-alternatives 2014-06-20 09:19:38: run with --install /usr/bin/jmap jmap /usr/lib/jvm/jdk-7-oracle-armhf/bin/jmap 317 --slave /usr/share/man/man1/jmap.1.gz jmap.1.gz /usr/lib/jvm/jdk-7-oracle-armhf/man/man1/jmap.1.gz
update-alternatives 2014-06-20 09:19:38: link group jmap updated to point to /usr/lib/jvm/jdk-7-oracle-armhf/bin/jmap
update-alternatives 2014-06-20 09:19:38: run with --install /usr/bin/jps jps /usr/lib/jvm/jdk-7-oracle-armhf/bin/jps 317 --slave /usr/share/man/man1/jps.1.gz jps.1.gz /usr/lib/jvm/jdk-7-oracle-armhf/man/man1/jps.1.gz
update-alternatives 2014-06-20 09:19:38: link group jps updated to point to /usr/lib/jvm/jdk-7-oracle-armhf/bin/jps
update-alternatives 2014-06-20 09:19:38: run with --install /usr/bin/jsadebugd jsadebugd /usr/lib/jvm/jdk-7-oracle-armhf/bin/jsadebugd 317 --slave /usr/share/man/man1/jsadebugd.1.gz jsadebugd.1.gz /usr/lib/jvm/jdk-7-oracle-armhf/man/man1/jsadebugd.1.gz
update-alternatives 2014-06-20 09:19:38: link group jsadebugd updated to point to /usr/lib/jvm/jdk-7-oracle-armhf/bin/jsadebugd
update-alternatives 2014-06-20 09:19:39: run with --install /usr/bin/jstack jstack /usr/lib/jvm/jdk-7-oracle-armhf/bin/jstack 317 --slave /usr/share/man/man1/jstack.1.gz jstack.1.gz /usr/lib/jvm/jdk-7-oracle-armhf/man/man1/jstack.1.gz
update-alternatives 2014-06-20 09:19:39: link group jstack updated to point to /usr/lib/jvm/jdk-7-oracle-armhf/bin/jstack
update-alternatives 2014-06-20 09:19:39: run with --install /usr/bin/jstat jstat /usr/lib/jvm/jdk-7-oracle-armhf/bin/jstat 317 --slave /usr/share/man/man1/jstat.1.gz jstat.1.gz /usr/lib/jvm/jdk-7-oracle-armhf/man/man1/jstat.1.gz
update-alternatives 2014-06-20 09:19:39: link group jstat updated to point to /usr/lib/jvm/jdk-7-oracle-armhf/bin/jstat
update-alternatives 2014-06-20 09:19:39: run with --install /usr/bin/jstatd jstatd /usr/lib/jvm/jdk-7-oracle-armhf/bin/jstatd 317 --slave /usr/share/man/man1/jstatd.1.gz jstatd.1.gz /usr/lib/jvm/jdk-7-oracle-armhf/man/man1/jstatd.1.gz
update-alternatives 2014-06-20 09:19:39: link group jstatd updated to point to /usr/lib/jvm/jdk-7-oracle-armhf/bin/jstatd
update-alternatives 2014-06-20 09:19:39: run with --install /usr/bin/native2ascii native2ascii /usr/lib/jvm/jdk-7-oracle-armhf/bin/native2ascii 317 --slave /usr/share/man/man1/native2ascii.1.gz native2ascii.1.gz /usr/lib/jvm/jdk-7-oracle-armhf/man/man1/native2ascii.1.gz
update-alternatives 2014-06-20 09:19:39: link group native2ascii updated to point to /usr/lib/jvm/jdk-7-oracle-armhf/bin/native2ascii
update-alternatives 2014-06-20 09:19:39: run with --install /usr/bin/rmic rmic /usr/lib/jvm/jdk-7-oracle-armhf/bin/rmic 317 --slave /usr/share/man/man1/rmic.1.gz rmic.1.gz /usr/lib/jvm/jdk-7-oracle-armhf/man/man1/rmic.1.gz
update-alternatives 2014-06-20 09:19:39: link group rmic updated to point to /usr/lib/jvm/jdk-7-oracle-armhf/bin/rmic
update-alternatives 2014-06-20 09:19:39: run with --install /usr/bin/serialver serialver /usr/lib/jvm/jdk-7-oracle-armhf/bin/serialver 317 --slave /usr/share/man/man1/serialver.1.gz serialver.1.gz /usr/lib/jvm/jdk-7-oracle-armhf/man/man1/serialver.1.gz
update-alternatives 2014-06-20 09:19:39: link group serialver updated to point to /usr/lib/jvm/jdk-7-oracle-armhf/bin/serialver
update-alternatives 2014-06-20 09:26:35: run with --install /usr/lib/libblas.so.3 libblas.so.3 /usr/lib/atlas-base/atlas/libblas.so.3 35 --slave /usr/lib/libcblas.so.3 libcblas.so.3 /usr/lib/atlas-base/libcblas.so.3 --slave /usr/lib/libf77blas.so.3 libf77blas.so.3 /usr/lib/atlas-base/libf77blas.so.3 --slave /usr/lib/libatlas.so.3 libatlas.so.3 /usr/lib/atlas-base/libatlas.so.3 --slave /usr/lib/liblapack_atlas.so.3 liblapack_atlas.so.3 /usr/lib/atlas-base/liblapack_atlas.so.3 --slave /usr/lib/libblas.so.3gf libblas.so.3gf /usr/lib/atlas-base/atlas/libblas.so.3 --slave /usr/lib/libcblas.so.3gf libcblas.so.3gf /usr/lib/atlas-base/libcblas.so.3 --slave /usr/lib/libf77blas.so.3gf libf77blas.so.3gf /usr/lib/atlas-base/libf77blas.so.3 --slave /usr/lib/libatlas.so.3gf libatlas.so.3gf /usr/lib/atlas-base/libatlas.so.3 --slave /usr/lib/liblapack_atlas.so.3gf liblapack_atlas.so.3gf /usr/lib/atlas-base/liblapack_atlas.so.3
update-alternatives 2014-06-20 09:26:35: link group libblas.so.3 updated to point to /usr/lib/atlas-base/atlas/libblas.so.3
update-alternatives 2014-06-20 09:26:35: run with --install /usr/lib/liblapack.so.3 liblapack.so.3 /usr/lib/atlas-base/atlas/liblapack.so.3 5 --slave /usr/lib/liblapack.so.3gf liblapack.so.3gf /usr/lib/atlas-base/atlas/liblapack.so.3
