/usr/share/fonts: skipping, existing cache is valid: 0 fonts, 4 dirs
/usr/share/fonts/X11: skipping, existing cache is valid: 0 fonts, 3 dirs
/usr/share/fonts/X11/Type1: caching, new cache contents: 35 fonts, 0 dirs
/usr/share/fonts/X11/encodings: skipping, existing cache is valid: 0 fonts, 1 dirs
/usr/share/fonts/X11/encodings/large: skipping, existing cache is valid: 0 fonts, 0 dirs
/usr/share/fonts/X11/util: skipping, existing cache is valid: 0 fonts, 0 dirs
/usr/share/fonts/cmap: skipping, existing cache is valid: 0 fonts, 5 dirs
/usr/share/fonts/cmap/adobe-cns1: skipping, existing cache is valid: 0 fonts, 0 dirs
/usr/share/fonts/cmap/adobe-gb1: skipping, existing cache is valid: 0 fonts, 0 dirs
/usr/share/fonts/cmap/adobe-janan2: skipping, existing cache is valid: 0 fonts, 0 dirs
/usr/share/fonts/cmap/adobe-japan1: skipping, existing cache is valid: 0 fonts, 0 dirs
/usr/share/fonts/cmap/adobe-korea1: skipping, existing cache is valid: 0 fonts, 0 dirs
/usr/share/fonts/truetype: caching, new cache contents: 0 fonts, 3 dirs
/usr/share/fonts/truetype/droid: skipping, existing cache is valid: 18 fonts, 0 dirs
/usr/share/fonts/truetype/freefont: caching, new cache contents: 12 fonts, 0 dirs
/usr/share/fonts/truetype/ttf-dejavu: skipping, existing cache is valid: 6 fonts, 0 dirs
/usr/share/fonts/type1: skipping, existing cache is valid: 0 fonts, 1 dirs
/usr/share/fonts/type1/gsfonts: skipping, existing cache is valid: 35 fonts, 0 dirs
/usr/X11R6/lib/X11/fonts: skipping, no such directory
/usr/local/share/fonts: skipping, existing cache is valid: 0 fonts, 0 dirs
/var/cache/fontconfig: cleaning cache directory
fc-cache: succeeded
